Log file open, 12/12/19 08:27:38
LogWindows: Failed to load 'aqProf.dll' (GetLastError=126)
LogWindows: File 'aqProf.dll' does not exist
LogWindows: Failed to load 'VtuneApi.dll' (GetLastError=126)
LogWindows: File 'VtuneApi.dll' does not exist
LogWindows: Failed to load 'VtuneApi32e.dll' (GetLastError=126)
LogWindows: File 'VtuneApi32e.dll' does not exist
LogConsoleResponse: Display: Failed to find resolution value strings in scalability ini. Falling back to default.
LogInit: Display: Running engine for game: BuildingEscape
LogPlatformFile: Not using cached read wrapper
LogTaskGraph: Started task graph with 5 named threads and 83 total threads with 3 sets of task threads.
LogStats: Stats thread started at 0.097492
LogD3D11RHI: Loaded GFSDK_Aftermath_Lib.x64.dll
LogICUInternationalization: ICU TimeZone Detection - Raw Offset: +12:00, Platform Override: ''
LogPluginManager: Mounting plugin Paper2D
LogPluginManager: Mounting plugin AISupport
LogPluginManager: Mounting plugin LightPropagationVolume
LogPluginManager: Mounting plugin ActorLayerUtilities
LogPluginManager: Mounting plugin AnimationSharing
LogPluginManager: Mounting plugin CLionSourceCodeAccess
LogPluginManager: Mounting plugin CodeLiteSourceCodeAccess
LogPluginManager: Mounting plugin GitSourceControl
LogPluginManager: Mounting plugin KDevelopSourceCodeAccess
LogPluginManager: Mounting plugin NullSourceCodeAccess
LogPluginManager: Mounting plugin PerforceSourceControl
LogPluginManager: Mounting plugin SubversionSourceControl
LogPluginManager: Mounting plugin UObjectPlugin
LogPluginManager: Mounting plugin VisualStudioCodeSourceCodeAccess
LogPluginManager: Mounting plugin VisualStudioSourceCodeAccess
LogPluginManager: Mounting plugin XCodeSourceCodeAccess
LogPluginManager: Mounting plugin AssetManagerEditor
LogPluginManager: Mounting plugin CryptoKeys
LogPluginManager: Mounting plugin CurveEditorTools
LogPluginManager: Mounting plugin DataValidation
LogPluginManager: Mounting plugin FacialAnimation
LogPluginManager: Mounting plugin GameplayTagsEditor
LogPluginManager: Mounting plugin MacGraphicsSwitching
LogPluginManager: Mounting plugin MaterialAnalyzer
LogPluginManager: Mounting plugin MobileLauncherProfileWizard
LogPluginManager: Mounting plugin PluginBrowser
LogPluginManager: Mounting plugin SpeedTreeImporter
LogPluginManager: Mounting plugin DatasmithContent
LogPluginManager: Mounting plugin VariantManagerContent
LogPluginManager: Mounting plugin AlembicImporter
LogPluginManager: Mounting plugin AutomationUtils
LogPluginManager: Mounting plugin BackChannel
LogPluginManager: Mounting plugin CharacterAI
LogPluginManager: Mounting plugin GeometryCache
LogPluginManager: Mounting plugin HTML5Networking
LogPluginManager: Mounting plugin PlatformCrypto
LogPluginManager: Mounting plugin ProxyLODPlugin
LogPluginManager: Mounting plugin SkeletalReduction
LogPluginManager: Mounting plugin MagicLeap
LogPluginManager: Mounting plugin MagicLeapMedia
LogPluginManager: Mounting plugin AndroidMedia
LogPluginManager: Mounting plugin AvfMedia
LogPluginManager: Mounting plugin ImgMedia
LogPluginManager: Mounting plugin MediaCompositing
LogPluginManager: Mounting plugin MediaPlayerEditor
LogPluginManager: Mounting plugin WebMMedia
LogPluginManager: Mounting plugin WmfMedia
LogPluginManager: Mounting plugin TcpMessaging
LogPluginManager: Mounting plugin UdpMessaging
LogPluginManager: Mounting plugin ActorSequence
LogPluginManager: Mounting plugin LevelSequenceEditor
LogPluginManager: Mounting plugin MatineeToLevelSequence
LogPluginManager: Mounting plugin NetcodeUnitTest
LogPluginManager: Mounting plugin NUTUnrealEngine4
LogPluginManager: Mounting plugin OnlineSubsystemGooglePlay
LogPluginManager: Mounting plugin OnlineSubsystemIOS
LogPluginManager: Mounting plugin OnlineSubsystem
LogPluginManager: Mounting plugin OnlineSubsystemNull
LogPluginManager: Mounting plugin OnlineSubsystemUtils
LogPluginManager: Mounting plugin LauncherChunkInstaller
LogPluginManager: Mounting plugin AndroidDeviceProfileSelector
LogPluginManager: Mounting plugin AndroidMoviePlayer
LogPluginManager: Mounting plugin AndroidPermission
LogPluginManager: Mounting plugin AppleImageUtils
LogPluginManager: Mounting plugin AppleMoviePlayer
LogPluginManager: Mounting plugin ArchVisCharacter
LogPluginManager: Mounting plugin AudioCapture
LogPluginManager: Mounting plugin CableComponent
LogPluginManager: Mounting plugin CustomMeshComponent
LogPluginManager: Mounting plugin EditableMesh
LogPluginManager: Mounting plugin ExampleDeviceProfileSelector
LogPluginManager: Mounting plugin GoogleCloudMessaging
LogPluginManager: Mounting plugin IOSDeviceProfileSelector
LogPluginManager: Mounting plugin LinuxDeviceProfileSelector
LogPluginManager: Mounting plugin LocationServicesBPLibrary
LogPluginManager: Mounting plugin MobilePatchingUtils
LogPluginManager: Mounting plugin OculusVR
LogPluginManager: Mounting plugin PhysXVehicles
LogPluginManager: Mounting plugin ProceduralMeshComponent
LogPluginManager: Mounting plugin RuntimePhysXCooking
LogPluginManager: Mounting plugin SignificanceManager
LogPluginManager: Mounting plugin SteamVR
LogPluginManager: Mounting plugin WebMMoviePlayer
LogPluginManager: Mounting plugin WindowsMoviePlayer
LogPluginManager: Mounting plugin ScreenshotTools
LogInit: Using libcurl 7.55.1-DEV
LogInit:  - built for x86_64-pc-win32
LogInit:  - supports SSL with OpenSSL/1.1.1
LogInit:  - supports HTTP deflate (compression) using libz 1.2.8
LogInit:  - other features:
LogInit:      CURL_VERSION_SSL
LogInit:      CURL_VERSION_LIBZ
LogInit:      CURL_VERSION_IPV6
LogInit:      CURL_VERSION_ASYNCHDNS
LogInit:      CURL_VERSION_LARGEFILE
LogInit:      CURL_VERSION_IDN
LogInit:  CurlRequestOptions (configurable via config and command line):
LogInit:  - bVerifyPeer = true  - Libcurl will verify peer certificate
LogInit:  - bUseHttpProxy = false  - Libcurl will NOT use HTTP proxy
LogInit:  - bDontReuseConnections = false  - Libcurl will reuse connections
LogInit:  - MaxHostConnections = 16  - Libcurl will limit the number of connections to a host
LogInit:  - LocalHostAddr = Default
LogInit:  - BufferSize = 65536
LogOnline: OSS: Creating online subsystem instance for: NULL
LogInit: WinSock: version 1.1 (2.2), MaxSocks=32767, MaxUdp=65467
LogInit: Build: ++UE4+Release-4.23-CL-9631420
LogInit: Engine Version: 4.23.1-9631420+++UE4+Release-4.23
LogInit: Compatible Engine Version: 4.23.0-8386587+++UE4+Release-4.23
LogInit: Net CL: 8386587
LogInit: OS: Windows 10 (Release 1809) (), CPU: AMD Ryzen Threadripper 1950X 16-Core Processor , GPU: NVIDIA GeForce GTX 1070 Ti
LogInit: Compiled (64-bit): Oct 18 2019 02:07:44
LogInit: Compiled with Visual C++: 19.16.27030.01
LogInit: Build Configuration: Development
LogInit: Branch Name: ++UE4+Release-4.23
LogInit: Command Line:  -EpicPortal -epicusername=Callioneta -epicuserid=b3c052af7bf840e4afc0508e96622237 -epiclocale=en-US
LogInit: Base Directory: C:/Program Files/Epic Games/UE_4.23/Engine/Binaries/Win64/
LogInit: Installed Engine Build: 1
LogDevObjectVersion: Number of dev versions registered: 23
LogDevObjectVersion:   Dev-Blueprints (B0D832E4-1F89-4F0D-ACCF-7EB736FD4AA2): 10
LogDevObjectVersion:   Dev-Build (E1C64328-A22C-4D53-A36C-8E866417BD8C): 0
LogDevObjectVersion:   Dev-Core (375EC13C-06E4-48FB-B500-84F0262A717E): 3
LogDevObjectVersion:   Dev-Editor (E4B068ED-F494-42E9-A231-DA0B2E46BB41): 34
LogDevObjectVersion:   Dev-Framework (CFFC743F-43B0-4480-9391-14DF171D2073): 35
LogDevObjectVersion:   Dev-Mobile (B02B49B5-BB20-44E9-A304-32B752E40360): 2
LogDevObjectVersion:   Dev-Networking (A4E4105C-59A1-49B5-A7C5-40C4547EDFEE): 0
LogDevObjectVersion:   Dev-Online (39C831C9-5AE6-47DC-9A44-9C173E1C8E7C): 0
LogDevObjectVersion:   Dev-Physics (78F01B33-EBEA-4F98-B9B4-84EACCB95AA2): 0
LogDevObjectVersion:   Dev-Platform (6631380F-2D4D-43E0-8009-CF276956A95A): 0
LogDevObjectVersion:   Dev-Rendering (12F88B9F-8875-4AFC-A67C-D90C383ABD29): 31
LogDevObjectVersion:   Dev-Sequencer (7B5AE74C-D270-4C10-A958-57980B212A5A): 11
LogDevObjectVersion:   Dev-VR (D7296918-1DD6-4BDD-9DE2-64A83CC13884): 2
LogDevObjectVersion:   Dev-LoadTimes (C2A15278-BFE7-4AFE-6C17-90FF531DF755): 1
LogDevObjectVersion:   Private-Geometry (6EACA3D4-40EC-4CC1-B786-8BED09428FC5): 3
LogDevObjectVersion:   Dev-AnimPhys (29E575DD-E0A3-4627-9D10-D276232CDCEA): 17
LogDevObjectVersion:   Dev-Anim (AF43A65D-7FD3-4947-9873-3E8ED9C1BB05): 2
LogDevObjectVersion:   Dev-ReflectionCapture (6B266CEC-1EC7-4B8F-A30B-E4D90942FC07): 1
LogDevObjectVersion:   Dev-Automation (0DF73D61-A23F-47EA-B727-89E90C41499A): 1
LogDevObjectVersion:   FortniteMain (601D1886-AC64-4F84-AA16-D3DE0DEAC7D6): 27
LogDevObjectVersion:   Dev-Enterprise (9DFFBCD6-494F-0158-E221-12823C92A888): 6
LogDevObjectVersion:   Dev-Niagara (F2AED0AC-9AFE-416F-8664-AA7FFA26D6FC): 1
LogDevObjectVersion:   Dev-Destruction (174F1F0B-B4C6-45A5-B13F-2EE8D0FB917D): 9
LogInit: Presizing for max 16777216 objects, including 0 objects not considered by GC, pre-allocating 0 bytes for permanent pool.
LogInit: Object subsystem initialized
LogConfig: Setting CVar [[con.DebugEarlyDefault:1]]
LogConfig: Setting CVar [[r.setres:1280x720]]
[2019.12.11-19.27.38:317][  0]LogConfig: Setting CVar [[r.VSync:0]]
[2019.12.11-19.27.38:317][  0]LogConfig: Setting CVar [[r.RHICmdBypass:0]]
[2019.12.11-19.27.38:318][  0]LogConfig: Applying CVar settings from Section [/Script/Engine.RendererSettings] File [D:/Unreal/repo/01_BuildingEscape/BuildingEscape/Saved/Config/Windows/Engine.ini]
[2019.12.11-19.27.38:318][  0]LogConfig: Setting CVar [[r.GPUCrashDebugging:0]]
[2019.12.11-19.27.38:318][  0]LogConfig: Setting CVar [[r.DefaultFeature.AutoExposure.ExtendDefaultLuminanceRange:1]]
[2019.12.11-19.27.38:318][  0]LogConfig: Applying CVar settings from Section [/Script/Engine.RendererOverrideSettings] File [D:/Unreal/repo/01_BuildingEscape/BuildingEscape/Saved/Config/Windows/Engine.ini]
[2019.12.11-19.27.38:318][  0]LogConfig: Applying CVar settings from Section [/Script/Engine.StreamingSettings] File [D:/Unreal/repo/01_BuildingEscape/BuildingEscape/Saved/Config/Windows/Engine.ini]
[2019.12.11-19.27.38:318][  0]LogConfig: Setting CVar [[s.MinBulkDataSizeForAsyncLoading:131072]]
[2019.12.11-19.27.38:318][  0]LogConfig: Setting CVar [[s.AsyncLoadingThreadEnabled:0]]
[2019.12.11-19.27.38:318][  0]LogConfig: Setting CVar [[s.EventDrivenLoaderEnabled:1]]
[2019.12.11-19.27.38:318][  0]LogConfig: Setting CVar [[s.WarnIfTimeLimitExceeded:0]]
[2019.12.11-19.27.38:318][  0]LogConfig: Setting CVar [[s.TimeLimitExceededMultiplier:1.5]]
[2019.12.11-19.27.38:318][  0]LogConfig: Setting CVar [[s.TimeLimitExceededMinTime:0.005]]
[2019.12.11-19.27.38:318][  0]LogConfig: Setting CVar [[s.UseBackgroundLevelStreaming:1]]
[2019.12.11-19.27.38:318][  0]LogConfig: Setting CVar [[s.PriorityAsyncLoadingExtraTime:15.0]]
[2019.12.11-19.27.38:318][  0]LogConfig: Setting CVar [[s.LevelStreamingActorsUpdateTimeLimit:5.0]]
[2019.12.11-19.27.38:318][  0]LogConfig: Setting CVar [[s.PriorityLevelStreamingActorsUpdateExtraTime:5.0]]
[2019.12.11-19.27.38:318][  0]LogConfig: Setting CVar [[s.LevelStreamingComponentsRegistrationGranularity:10]]
[2019.12.11-19.27.38:318][  0]LogConfig: Setting CVar [[s.UnregisterComponentsTimeLimit:1.0]]
[2019.12.11-19.27.38:318][  0]LogConfig: Setting CVar [[s.LevelStreamingComponentsUnregistrationGranularity:5]]
[2019.12.11-19.27.38:318][  0]LogConfig: Applying CVar settings from Section [/Script/Engine.GarbageCollectionSettings] File [D:/Unreal/repo/01_BuildingEscape/BuildingEscape/Saved/Config/Windows/Engine.ini]
[2019.12.11-19.27.38:318][  0]LogConfig: Setting CVar [[gc.MaxObjectsNotConsideredByGC:1]]
[2019.12.11-19.27.38:318][  0]LogConfig: Setting CVar [[gc.SizeOfPermanentObjectPool:0]]
[2019.12.11-19.27.38:318][  0]LogConfig: Setting CVar [[gc.FlushStreamingOnGC:0]]
[2019.12.11-19.27.38:318][  0]LogConfig: Setting CVar [[gc.NumRetriesBeforeForcingGC:10]]
[2019.12.11-19.27.38:318][  0]LogConfig: Setting CVar [[gc.AllowParallelGC:1]]
[2019.12.11-19.27.38:318][  0]LogConfig: Setting CVar [[gc.TimeBetweenPurgingPendingKillObjects:61.1]]
[2019.12.11-19.27.38:318][  0]LogConfig: Setting CVar [[gc.MaxObjectsInEditor:16777216]]
[2019.12.11-19.27.38:318][  0]LogConfig: Setting CVar [[gc.IncrementalBeginDestroyEnabled:1]]
[2019.12.11-19.27.38:318][  0]LogConfig: Setting CVar [[gc.CreateGCClusters:1]]
[2019.12.11-19.27.38:318][  0]LogConfig: Setting CVar [[gc.MinGCClusterSize:5]]
[2019.12.11-19.27.38:318][  0]LogConfig: Setting CVar [[gc.ActorClusteringEnabled:0]]
[2019.12.11-19.27.38:318][  0]LogConfig: Setting CVar [[gc.BlueprintClusteringEnabled:0]]
[2019.12.11-19.27.38:318][  0]LogConfig: Setting CVar [[gc.UseDisregardForGCOnDedicatedServers:0]]
[2019.12.11-19.27.38:318][  0]LogConfig: Applying CVar settings from Section [/Script/Engine.NetworkSettings] File [D:/Unreal/repo/01_BuildingEscape/BuildingEscape/Saved/Config/Windows/Engine.ini]
[2019.12.11-19.27.38:318][  0]LogConfig: Applying CVar settings from Section [/Script/UnrealEd.CookerSettings] File [D:/Unreal/repo/01_BuildingEscape/BuildingEscape/Saved/Config/Windows/Engine.ini]
[2019.12.11-19.27.38:323][  0]LogConfig: Applying CVar settings from Section [ViewDistanceQuality@3] File [D:/Unreal/repo/01_BuildingEscape/BuildingEscape/Saved/Config/Windows/Scalability.ini]
[2019.12.11-19.27.38:323][  0]LogConfig: Setting CVar [[r.SkeletalMeshLODBias:0]]
[2019.12.11-19.27.38:323][  0]LogConfig: Setting CVar [[r.ViewDistanceScale:1.0]]
[2019.12.11-19.27.38:323][  0]LogConfig: Applying CVar settings from Section [AntiAliasingQuality@3] File [D:/Unreal/repo/01_BuildingEscape/BuildingEscape/Saved/Config/Windows/Scalability.ini]
[2019.12.11-19.27.38:323][  0]LogConfig: Setting CVar [[r.PostProcessAAQuality:4]]
[2019.12.11-19.27.38:323][  0]LogConfig: Applying CVar settings from Section [ShadowQuality@3] File [D:/Unreal/repo/01_BuildingEscape/BuildingEscape/Saved/Config/Windows/Scalability.ini]
[2019.12.11-19.27.38:323][  0]LogConfig: Setting CVar [[r.LightFunctionQuality:1]]
[2019.12.11-19.27.38:323][  0]LogConfig: Setting CVar [[r.ShadowQuality:5]]
[2019.12.11-19.27.38:323][  0]LogConfig: Setting CVar [[r.Shadow.CSM.MaxCascades:10]]
[2019.12.11-19.27.38:323][  0]LogConfig: Setting CVar [[r.Shadow.MaxResolution:2048]]
[2019.12.11-19.27.38:323][  0]LogConfig: Setting CVar [[r.Shadow.MaxCSMResolution:2048]]
[2019.12.11-19.27.38:323][  0]LogConfig: Setting CVar [[r.Shadow.RadiusThreshold:0.01]]
[2019.12.11-19.27.38:323][  0]LogConfig: Setting CVar [[r.Shadow.DistanceScale:1.0]]
[2019.12.11-19.27.38:323][  0]LogConfig: Setting CVar [[r.Shadow.CSM.TransitionScale:1.0]]
[2019.12.11-19.27.38:323][  0]LogConfig: Setting CVar [[r.Shadow.PreShadowResolutionFactor:1.0]]
[2019.12.11-19.27.38:323][  0]LogConfig: Setting CVar [[r.DistanceFieldShadowing:1]]
[2019.12.11-19.27.38:323][  0]LogConfig: Setting CVar [[r.DistanceFieldAO:1]]
[2019.12.11-19.27.38:323][  0]LogConfig: Setting CVar [[r.AOQuality:2]]
[2019.12.11-19.27.38:323][  0]LogConfig: Setting CVar [[r.VolumetricFog:1]]
[2019.12.11-19.27.38:323][  0]LogConfig: Setting CVar [[r.VolumetricFog.GridPixelSize:8]]
[2019.12.11-19.27.38:323][  0]LogConfig: Setting CVar [[r.VolumetricFog.GridSizeZ:128]]
[2019.12.11-19.27.38:323][  0]LogConfig: Setting CVar [[r.VolumetricFog.HistoryMissSupersampleCount:4]]
[2019.12.11-19.27.38:323][  0]LogConfig: Setting CVar [[r.LightMaxDrawDistanceScale:1]]
[2019.12.11-19.27.38:323][  0]LogConfig: Setting CVar [[r.CapsuleShadows:1]]
[2019.12.11-19.27.38:323][  0]LogConfig: Applying CVar settings from Section [PostProcessQuality@3] File [D:/Unreal/repo/01_BuildingEscape/BuildingEscape/Saved/Config/Windows/Scalability.ini]
[2019.12.11-19.27.38:323][  0]LogConfig: Setting CVar [[r.MotionBlurQuality:4]]
[2019.12.11-19.27.38:323][  0]LogConfig: Setting CVar [[r.AmbientOcclusionMipLevelFactor:0.4]]
[2019.12.11-19.27.38:323][  0]LogConfig: Setting CVar [[r.AmbientOcclusionMaxQuality:100]]
[2019.12.11-19.27.38:323][  0]LogConfig: Setting CVar [[r.AmbientOcclusionLevels:-1]]
[2019.12.11-19.27.38:323][  0]LogConfig: Setting CVar [[r.AmbientOcclusionRadiusScale:1.0]]
[2019.12.11-19.27.38:323][  0]LogConfig: Setting CVar [[r.DepthOfFieldQuality:2]]
[2019.12.11-19.27.38:324][  0]LogConfig: Setting CVar [[r.RenderTargetPoolMin:400]]
[2019.12.11-19.27.38:324][  0]LogConfig: Setting CVar [[r.LensFlareQuality:2]]
[2019.12.11-19.27.38:324][  0]LogConfig: Setting CVar [[r.SceneColorFringeQuality:1]]
[2019.12.11-19.27.38:324][  0]LogConfig: Setting CVar [[r.EyeAdaptationQuality:2]]
[2019.12.11-19.27.38:324][  0]LogConfig: Setting CVar [[r.BloomQuality:5]]
[2019.12.11-19.27.38:324][  0]LogConfig: Setting CVar [[r.FastBlurThreshold:100]]
[2019.12.11-19.27.38:324][  0]LogConfig: Setting CVar [[r.Upscale.Quality:3]]
[2019.12.11-19.27.38:324][  0]LogConfig: Setting CVar [[r.Tonemapper.GrainQuantization:1]]
[2019.12.11-19.27.38:324][  0]LogConfig: Setting CVar [[r.LightShaftQuality:1]]
[2019.12.11-19.27.38:324][  0]LogConfig: Setting CVar [[r.Filter.SizeScale:1]]
[2019.12.11-19.27.38:324][  0]LogConfig: Setting CVar [[r.Tonemapper.Quality:5]]
[2019.12.11-19.27.38:324][  0]LogConfig: Setting CVar [[r.DOF.Gather.AccumulatorQuality:1        ; higher gathering accumulator quality]]
[2019.12.11-19.27.38:324][  0]LogConfig: Setting CVar [[r.DOF.Gather.PostfilterMethod:1          ; Median3x3 postfilering method]]
[2019.12.11-19.27.38:324][  0]LogConfig: Setting CVar [[r.DOF.Gather.EnableBokehSettings:0       ; no bokeh simulation when gathering]]
[2019.12.11-19.27.38:324][  0]LogConfig: Setting CVar [[r.DOF.Gather.RingCount:4                 ; medium number of samples when gathering]]
[2019.12.11-19.27.38:324][  0]LogConfig: Setting CVar [[r.DOF.Scatter.ForegroundCompositing:1    ; additive foreground scattering]]
[2019.12.11-19.27.38:324][  0]LogConfig: Setting CVar [[r.DOF.Scatter.BackgroundCompositing:2    ; additive background scattering]]
[2019.12.11-19.27.38:324][  0]LogConfig: Setting CVar [[r.DOF.Scatter.EnableBokehSettings:1      ; bokeh simulation when scattering]]
[2019.12.11-19.27.38:324][  0]LogConfig: Setting CVar [[r.DOF.Scatter.MaxSpriteRatio:0.1         ; only a maximum of 10% of scattered bokeh]]
[2019.12.11-19.27.38:324][  0]LogConfig: Setting CVar [[r.DOF.Recombine.Quality:1                ; cheap slight out of focus]]
[2019.12.11-19.27.38:324][  0]LogConfig: Setting CVar [[r.DOF.Recombine.EnableBokehSettings:0    ; no bokeh simulation on slight out of focus]]
[2019.12.11-19.27.38:324][  0]LogConfig: Setting CVar [[r.DOF.TemporalAAQuality:1                ; more stable temporal accumulation]]
[2019.12.11-19.27.38:324][  0]LogConfig: Setting CVar [[r.DOF.Kernel.MaxForegroundRadius:0.025]]
[2019.12.11-19.27.38:324][  0]LogConfig: Setting CVar [[r.DOF.Kernel.MaxBackgroundRadius:0.025]]
[2019.12.11-19.27.38:324][  0]LogConfig: Applying CVar settings from Section [TextureQuality@3] File [D:/Unreal/repo/01_BuildingEscape/BuildingEscape/Saved/Config/Windows/Scalability.ini]
[2019.12.11-19.27.38:324][  0]LogConfig: Setting CVar [[r.Streaming.MipBias:0]]
[2019.12.11-19.27.38:324][  0]LogConfig: Setting CVar [[r.Streaming.AmortizeCPUToGPUCopy:0]]
[2019.12.11-19.27.38:324][  0]LogConfig: Setting CVar [[r.Streaming.MaxNumTexturesToStreamPerFrame:0]]
[2019.12.11-19.27.38:324][  0]LogConfig: Setting CVar [[r.Streaming.Boost:1]]
[2019.12.11-19.27.38:324][  0]LogConfig: Setting CVar [[r.MaxAnisotropy:8]]
[2019.12.11-19.27.38:324][  0]LogConfig: Setting CVar [[r.Streaming.LimitPoolSizeToVRAM:0]]
[2019.12.11-19.27.38:324][  0]LogConfig: Setting CVar [[r.Streaming.PoolSize:1000]]
[2019.12.11-19.27.38:324][  0]LogConfig: Setting CVar [[r.Streaming.MaxEffectiveScreenSize:0]]
[2019.12.11-19.27.38:324][  0]LogConfig: Applying CVar settings from Section [EffectsQuality@3] File [D:/Unreal/repo/01_BuildingEscape/BuildingEscape/Saved/Config/Windows/Scalability.ini]
[2019.12.11-19.27.38:324][  0]LogConfig: Setting CVar [[r.TranslucencyLightingVolumeDim:64]]
[2019.12.11-19.27.38:324][  0]LogConfig: Setting CVar [[r.RefractionQuality:2]]
[2019.12.11-19.27.38:324][  0]LogConfig: Setting CVar [[r.SSR.Quality:3]]
[2019.12.11-19.27.38:324][  0]LogConfig: Setting CVar [[r.SceneColorFormat:4]]
[2019.12.11-19.27.38:324][  0]LogConfig: Setting CVar [[r.DetailMode:2]]
[2019.12.11-19.27.38:324][  0]LogConfig: Setting CVar [[r.TranslucencyVolumeBlur:1]]
[2019.12.11-19.27.38:324][  0]LogConfig: Setting CVar [[r.MaterialQualityLevel:1 ; High quality]]
[2019.12.11-19.27.38:324][  0]LogConfig: Setting CVar [[r.SSS.Scale:1]]
[2019.12.11-19.27.38:324][  0]LogConfig: Setting CVar [[r.SSS.SampleSet:2]]
[2019.12.11-19.27.38:324][  0]LogConfig: Setting CVar [[r.SSS.Quality:1]]
[2019.12.11-19.27.38:324][  0]LogConfig: Setting CVar [[r.SSS.HalfRes:1]]
[2019.12.11-19.27.38:324][  0]LogConfig: Setting CVar [[r.EmitterSpawnRateScale:1.0]]
[2019.12.11-19.27.38:324][  0]LogConfig: Setting CVar [[r.ParticleLightQuality:2]]
[2019.12.11-19.27.38:324][  0]LogConfig: Applying CVar settings from Section [FoliageQuality@3] File [D:/Unreal/repo/01_BuildingEscape/BuildingEscape/Saved/Config/Windows/Scalability.ini]
[2019.12.11-19.27.38:324][  0]LogConfig: Setting CVar [[foliage.DensityScale:1.0]]
[2019.12.11-19.27.38:324][  0]LogConfig: Setting CVar [[grass.DensityScale:1.0]]
[2019.12.11-19.27.38:324][  0]LogInit: Selected Device Profile: [Windows]
[2019.12.11-19.27.38:324][  0]LogInit: Applying CVar settings loaded from the selected device profile: [Windows]
[2019.12.11-19.27.38:327][  0]LogHAL: Display: Platform has ~ 64 GB [68595326976 / 68719476736 / 64], which maps to Largest [LargestMinGB=32, LargerMinGB=12, DefaultMinGB=8, SmallerMinGB=6, SmallestMinGB=0)
[2019.12.11-19.27.38:327][  0]LogInit: Going up to parent DeviceProfile []
[2019.12.11-19.27.38:327][  0]LogConfig: Applying CVar settings from Section [ViewDistanceQuality@3] File [D:/Unreal/repo/01_BuildingEscape/BuildingEscape/Saved/Config/Windows/Scalability.ini]
[2019.12.11-19.27.38:327][  0]LogConfig: Setting CVar [[r.SkeletalMeshLODBias:0]]
[2019.12.11-19.27.38:327][  0]LogConfig: Setting CVar [[r.ViewDistanceScale:1.0]]
[2019.12.11-19.27.38:327][  0]LogConfig: Applying CVar settings from Section [AntiAliasingQuality@3] File [D:/Unreal/repo/01_BuildingEscape/BuildingEscape/Saved/Config/Windows/Scalability.ini]
[2019.12.11-19.27.38:327][  0]LogConfig: Setting CVar [[r.PostProcessAAQuality:4]]
[2019.12.11-19.27.38:327][  0]LogConfig: Applying CVar settings from Section [ShadowQuality@3] File [D:/Unreal/repo/01_BuildingEscape/BuildingEscape/Saved/Config/Windows/Scalability.ini]
[2019.12.11-19.27.38:327][  0]LogConfig: Setting CVar [[r.LightFunctionQuality:1]]
[2019.12.11-19.27.38:327][  0]LogConfig: Setting CVar [[r.ShadowQuality:5]]
[2019.12.11-19.27.38:327][  0]LogConfig: Setting CVar [[r.Shadow.CSM.MaxCascades:10]]
[2019.12.11-19.27.38:327][  0]LogConfig: Setting CVar [[r.Shadow.MaxResolution:2048]]
[2019.12.11-19.27.38:327][  0]LogConfig: Setting CVar [[r.Shadow.MaxCSMResolution:2048]]
[2019.12.11-19.27.38:327][  0]LogConfig: Setting CVar [[r.Shadow.RadiusThreshold:0.01]]
[2019.12.11-19.27.38:327][  0]LogConfig: Setting CVar [[r.Shadow.DistanceScale:1.0]]
[2019.12.11-19.27.38:327][  0]LogConfig: Setting CVar [[r.Shadow.CSM.TransitionScale:1.0]]
[2019.12.11-19.27.38:327][  0]LogConfig: Setting CVar [[r.Shadow.PreShadowResolutionFactor:1.0]]
[2019.12.11-19.27.38:327][  0]LogConfig: Setting CVar [[r.DistanceFieldShadowing:1]]
[2019.12.11-19.27.38:327][  0]LogConfig: Setting CVar [[r.DistanceFieldAO:1]]
[2019.12.11-19.27.38:327][  0]LogConfig: Setting CVar [[r.AOQuality:2]]
[2019.12.11-19.27.38:327][  0]LogConfig: Setting CVar [[r.VolumetricFog:1]]
[2019.12.11-19.27.38:327][  0]LogConfig: Setting CVar [[r.VolumetricFog.GridPixelSize:8]]
[2019.12.11-19.27.38:327][  0]LogConfig: Setting CVar [[r.VolumetricFog.GridSizeZ:128]]
[2019.12.11-19.27.38:327][  0]LogConfig: Setting CVar [[r.VolumetricFog.HistoryMissSupersampleCount:4]]
[2019.12.11-19.27.38:328][  0]LogConfig: Setting CVar [[r.LightMaxDrawDistanceScale:1]]
[2019.12.11-19.27.38:328][  0]LogConfig: Setting CVar [[r.CapsuleShadows:1]]
[2019.12.11-19.27.38:328][  0]LogConfig: Applying CVar settings from Section [PostProcessQuality@3] File [D:/Unreal/repo/01_BuildingEscape/BuildingEscape/Saved/Config/Windows/Scalability.ini]
[2019.12.11-19.27.38:328][  0]LogConfig: Setting CVar [[r.MotionBlurQuality:4]]
[2019.12.11-19.27.38:328][  0]LogConfig: Setting CVar [[r.AmbientOcclusionMipLevelFactor:0.4]]
[2019.12.11-19.27.38:328][  0]LogConfig: Setting CVar [[r.AmbientOcclusionMaxQuality:100]]
[2019.12.11-19.27.38:328][  0]LogConfig: Setting CVar [[r.AmbientOcclusionLevels:-1]]
[2019.12.11-19.27.38:328][  0]LogConfig: Setting CVar [[r.AmbientOcclusionRadiusScale:1.0]]
[2019.12.11-19.27.38:328][  0]LogConfig: Setting CVar [[r.DepthOfFieldQuality:2]]
[2019.12.11-19.27.38:328][  0]LogConfig: Setting CVar [[r.RenderTargetPoolMin:400]]
[2019.12.11-19.27.38:328][  0]LogConfig: Setting CVar [[r.LensFlareQuality:2]]
[2019.12.11-19.27.38:328][  0]LogConfig: Setting CVar [[r.SceneColorFringeQuality:1]]
[2019.12.11-19.27.38:328][  0]LogConfig: Setting CVar [[r.EyeAdaptationQuality:2]]
[2019.12.11-19.27.38:328][  0]LogConfig: Setting CVar [[r.BloomQuality:5]]
[2019.12.11-19.27.38:328][  0]LogConfig: Setting CVar [[r.FastBlurThreshold:100]]
[2019.12.11-19.27.38:328][  0]LogConfig: Setting CVar [[r.Upscale.Quality:3]]
[2019.12.11-19.27.38:328][  0]LogConfig: Setting CVar [[r.Tonemapper.GrainQuantization:1]]
[2019.12.11-19.27.38:328][  0]LogConfig: Setting CVar [[r.LightShaftQuality:1]]
[2019.12.11-19.27.38:328][  0]LogConfig: Setting CVar [[r.Filter.SizeScale:1]]
[2019.12.11-19.27.38:328][  0]LogConfig: Setting CVar [[r.Tonemapper.Quality:5]]
[2019.12.11-19.27.38:328][  0]LogConfig: Setting CVar [[r.DOF.Gather.AccumulatorQuality:1        ; higher gathering accumulator quality]]
[2019.12.11-19.27.38:328][  0]LogConfig: Setting CVar [[r.DOF.Gather.PostfilterMethod:1          ; Median3x3 postfilering method]]
[2019.12.11-19.27.38:328][  0]LogConfig: Setting CVar [[r.DOF.Gather.EnableBokehSettings:0       ; no bokeh simulation when gathering]]
[2019.12.11-19.27.38:328][  0]LogConfig: Setting CVar [[r.DOF.Gather.RingCount:4                 ; medium number of samples when gathering]]
[2019.12.11-19.27.38:328][  0]LogConfig: Setting CVar [[r.DOF.Scatter.ForegroundCompositing:1    ; additive foreground scattering]]
[2019.12.11-19.27.38:328][  0]LogConfig: Setting CVar [[r.DOF.Scatter.BackgroundCompositing:2    ; additive background scattering]]
[2019.12.11-19.27.38:328][  0]LogConfig: Setting CVar [[r.DOF.Scatter.EnableBokehSettings:1      ; bokeh simulation when scattering]]
[2019.12.11-19.27.38:328][  0]LogConfig: Setting CVar [[r.DOF.Scatter.MaxSpriteRatio:0.1         ; only a maximum of 10% of scattered bokeh]]
[2019.12.11-19.27.38:328][  0]LogConfig: Setting CVar [[r.DOF.Recombine.Quality:1                ; cheap slight out of focus]]
[2019.12.11-19.27.38:328][  0]LogConfig: Setting CVar [[r.DOF.Recombine.EnableBokehSettings:0    ; no bokeh simulation on slight out of focus]]
[2019.12.11-19.27.38:328][  0]LogConfig: Setting CVar [[r.DOF.TemporalAAQuality:1                ; more stable temporal accumulation]]
[2019.12.11-19.27.38:328][  0]LogConfig: Setting CVar [[r.DOF.Kernel.MaxForegroundRadius:0.025]]
[2019.12.11-19.27.38:328][  0]LogConfig: Setting CVar [[r.DOF.Kernel.MaxBackgroundRadius:0.025]]
[2019.12.11-19.27.38:328][  0]LogConfig: Applying CVar settings from Section [TextureQuality@3] File [D:/Unreal/repo/01_BuildingEscape/BuildingEscape/Saved/Config/Windows/Scalability.ini]
[2019.12.11-19.27.38:328][  0]LogConfig: Setting CVar [[r.Streaming.MipBias:0]]
[2019.12.11-19.27.38:328][  0]LogConfig: Setting CVar [[r.Streaming.AmortizeCPUToGPUCopy:0]]
[2019.12.11-19.27.38:328][  0]LogConfig: Setting CVar [[r.Streaming.MaxNumTexturesToStreamPerFrame:0]]
[2019.12.11-19.27.38:328][  0]LogConfig: Setting CVar [[r.Streaming.Boost:1]]
[2019.12.11-19.27.38:328][  0]LogConfig: Setting CVar [[r.MaxAnisotropy:8]]
[2019.12.11-19.27.38:328][  0]LogConfig: Setting CVar [[r.Streaming.LimitPoolSizeToVRAM:0]]
[2019.12.11-19.27.38:328][  0]LogConfig: Setting CVar [[r.Streaming.PoolSize:1000]]
[2019.12.11-19.27.38:328][  0]LogConfig: Setting CVar [[r.Streaming.MaxEffectiveScreenSize:0]]
[2019.12.11-19.27.38:328][  0]LogConfig: Applying CVar settings from Section [EffectsQuality@3] File [D:/Unreal/repo/01_BuildingEscape/BuildingEscape/Saved/Config/Windows/Scalability.ini]
[2019.12.11-19.27.38:328][  0]LogConfig: Setting CVar [[r.TranslucencyLightingVolumeDim:64]]
[2019.12.11-19.27.38:328][  0]LogConfig: Setting CVar [[r.RefractionQuality:2]]
[2019.12.11-19.27.38:328][  0]LogConfig: Setting CVar [[r.SSR.Quality:3]]
[2019.12.11-19.27.38:328][  0]LogConfig: Setting CVar [[r.SceneColorFormat:4]]
[2019.12.11-19.27.38:328][  0]LogConfig: Setting CVar [[r.DetailMode:2]]
[2019.12.11-19.27.38:328][  0]LogConfig: Setting CVar [[r.TranslucencyVolumeBlur:1]]
[2019.12.11-19.27.38:328][  0]LogConfig: Setting CVar [[r.MaterialQualityLevel:1 ; High quality]]
[2019.12.11-19.27.38:328][  0]LogConfig: Setting CVar [[r.SSS.Scale:1]]
[2019.12.11-19.27.38:328][  0]LogConfig: Setting CVar [[r.SSS.SampleSet:2]]
[2019.12.11-19.27.38:328][  0]LogConfig: Setting CVar [[r.SSS.Quality:1]]
[2019.12.11-19.27.38:328][  0]LogConfig: Setting CVar [[r.SSS.HalfRes:1]]
[2019.12.11-19.27.38:328][  0]LogConfig: Setting CVar [[r.EmitterSpawnRateScale:1.0]]
[2019.12.11-19.27.38:328][  0]LogConfig: Setting CVar [[r.ParticleLightQuality:2]]
[2019.12.11-19.27.38:328][  0]LogConfig: Applying CVar settings from Section [FoliageQuality@3] File [D:/Unreal/repo/01_BuildingEscape/BuildingEscape/Saved/Config/Windows/Scalability.ini]
[2019.12.11-19.27.38:328][  0]LogConfig: Setting CVar [[foliage.DensityScale:1.0]]
[2019.12.11-19.27.38:328][  0]LogConfig: Setting CVar [[grass.DensityScale:1.0]]
[2019.12.11-19.27.38:328][  0]LogConfig: Applying CVar settings from Section [Startup] File [../../../Engine/Config/ConsoleVariables.ini]
[2019.12.11-19.27.38:329][  0]LogConfig: Setting CVar [[net.UseAdaptiveNetUpdateFrequency:0]]
[2019.12.11-19.27.38:329][  0]LogConfig: Setting CVar [[p.chaos.AllowCreatePhysxBodies:1]]
[2019.12.11-19.27.38:329][  0]LogConfig: Applying CVar settings from Section [ConsoleVariables] File [D:/Unreal/repo/01_BuildingEscape/BuildingEscape/Saved/Config/Windows/Engine.ini]
[2019.12.11-19.27.38:329][  0]LogInit: Computer: DESKTOP-37I9JU6
[2019.12.11-19.27.38:329][  0]LogInit: User: calli
[2019.12.11-19.27.38:329][  0]LogInit: CPU Page size=4096, Cores=16
[2019.12.11-19.27.38:329][  0]LogInit: High frequency timer resolution =10.000000 MHz
[2019.12.11-19.27.38:329][  0]LogMemory: Memory total: Physical=63.9GB (64GB approx)
[2019.12.11-19.27.38:329][  0]LogMemory: Platform Memory Stats for Windows
[2019.12.11-19.27.38:329][  0]LogMemory: Process Physical Memory: 103.65 MB used, 103.66 MB peak
[2019.12.11-19.27.38:329][  0]LogMemory: Process Virtual Memory: 105.32 MB used, 105.32 MB peak
[2019.12.11-19.27.38:329][  0]LogMemory: Physical Memory: 17934.21 MB used,  47483.39 MB free, 65417.60 MB total
[2019.12.11-19.27.38:329][  0]LogMemory: Virtual Memory: 4770.18 MB used,  134212960.00 MB free, 134217728.00 MB total
[2019.12.11-19.27.38:332][  0]LogWindows: WindowsPlatformFeatures enabled
[2019.12.11-19.27.38:364][  0]LogInit: Using OS detected language (en-US).
[2019.12.11-19.27.38:364][  0]LogInit: Using OS detected locale (en-NZ).
[2019.12.11-19.27.38:365][  0]LogTextLocalizationManager: No specific localization for 'en-US' exists, so the 'en' localization will be used.
[2019.12.11-19.27.38:536][  0]LogInit: Setting process to per monitor DPI aware
[2019.12.11-19.27.38:585][  0]LogSlate: New Slate User Created.  User Index 0, Is Virtual User: 0
[2019.12.11-19.27.38:585][  0]LogSlate: Slate User Registered.  User Index 0, Is Virtual User: 0
[2019.12.11-19.27.38:765][  0]LogHMD: Failed to initialize OpenVR with code 110
[2019.12.11-19.27.38:765][  0]LogD3D11RHI: D3D11 adapters:
[2019.12.11-19.27.38:842][  0]LogD3D11RHI:    0. 'NVIDIA GeForce GTX 1070 Ti' (Feature Level 11_0)
[2019.12.11-19.27.38:842][  0]LogD3D11RHI:       8079/0/32708 MB DedicatedVideo/DedicatedSystem/SharedSystem, Outputs:2, VendorId:0x10de
[2019.12.11-19.27.38:845][  0]LogD3D11RHI:    1. 'Microsoft Basic Render Driver' (Feature Level 11_0)
[2019.12.11-19.27.38:845][  0]LogD3D11RHI:       0/0/32708 MB DedicatedVideo/DedicatedSystem/SharedSystem, Outputs:0, VendorId:0x1414
[2019.12.11-19.27.38:847][  0]LogD3D11RHI:    2. 'Microsoft Basic Render Driver' (Feature Level 11_0)
[2019.12.11-19.27.38:847][  0]LogD3D11RHI:       0/0/32708 MB DedicatedVideo/DedicatedSystem/SharedSystem, Outputs:0, VendorId:0x1414
[2019.12.11-19.27.38:847][  0]LogD3D11RHI: Chosen D3D11 Adapter: 0
[2019.12.11-19.27.38:864][  0]LogD3D11RHI: Creating new Direct3DDevice
[2019.12.11-19.27.38:864][  0]LogD3D11RHI:     GPU DeviceId: 0x1b82 (for the marketing name, search the web for "GPU Device Id")
[2019.12.11-19.27.38:864][  0]LogWindows: EnumDisplayDevices:
[2019.12.11-19.27.38:864][  0]LogWindows:    0. 'NVIDIA GeForce GTX 1070 Ti' (P:1 D:1)
[2019.12.11-19.27.38:864][  0]LogWindows:    1. 'NVIDIA GeForce GTX 1070 Ti' (P:0 D:1)
[2019.12.11-19.27.38:864][  0]LogWindows:    2. 'NVIDIA GeForce GTX 1070 Ti' (P:0 D:0)
[2019.12.11-19.27.38:865][  0]LogWindows:    3. 'NVIDIA GeForce GTX 1070 Ti' (P:0 D:0)
[2019.12.11-19.27.38:865][  0]LogWindows:    4. 'Citrix Indirect Display Adapter' (P:0 D:0)
[2019.12.11-19.27.38:865][  0]LogWindows:    5. 'Citrix Indirect Display Adapter' (P:0 D:0)
[2019.12.11-19.27.38:865][  0]LogWindows:    6. 'Citrix Indirect Display Adapter' (P:0 D:0)
[2019.12.11-19.27.38:865][  0]LogWindows:    7. 'Citrix Indirect Display Adapter' (P:0 D:0)
[2019.12.11-19.27.38:865][  0]LogWindows:    8. 'Citrix Indirect Display Adapter' (P:0 D:0)
[2019.12.11-19.27.38:866][  0]LogWindows:    9. 'Citrix Indirect Display Adapter' (P:0 D:0)
[2019.12.11-19.27.38:866][  0]LogWindows:    10. 'Citrix Indirect Display Adapter' (P:0 D:0)
[2019.12.11-19.27.38:866][  0]LogWindows:    11. 'Citrix Indirect Display Adapter' (P:0 D:0)
[2019.12.11-19.27.38:866][  0]LogWindows: DebugString: GetVideoDriverDetailsInvalid PrimaryIsNotTheChoosenAdapter GetVideoDriverDetailsInvalid PrimaryIsNotTheChoosenAdapter GetVideoDriverDetailsInvalid PrimaryIsNotTheChoosenAdapter GetVideoDriverDetailsInvalid PrimaryIsNotTheChoosenAdapter GetVideoDriverDetailsInvalid PrimaryIsNotTheChoosenAdapter GetVideoDriverDetailsInvalid PrimaryIsNotTheChoosenAdapter GetVideoDriverDetailsInvalid PrimaryIsNotTheChoosenAdapter GetVideoDriverDetailsInvalid PrimaryIsNotTheChoosenAdapter FoundDriverCount:4 
[2019.12.11-19.27.38:866][  0]LogD3D11RHI:     Adapter Name: NVIDIA GeForce GTX 1070 Ti
[2019.12.11-19.27.38:866][  0]LogD3D11RHI:   Driver Version: 436.48 (internal:26.21.14.3648, unified:436.48)
[2019.12.11-19.27.38:866][  0]LogD3D11RHI:      Driver Date: 9-26-2019
[2019.12.11-19.27.38:866][  0]LogRHI: Texture pool is 5655 MB (70% of 8079 MB)
[2019.12.11-19.27.38:921][  0]LogD3D11RHI: Async texture creation enabled
[2019.12.11-19.27.38:934][  0]LogD3D11RHI: GPU Timing Frequency: 1000.000000 (Debug: 2 1)
[2019.12.11-19.27.39:320][  0]LogTemp: Display: Module 'AllDesktopTargetPlatform' loaded TargetPlatform 'AllDesktop'
[2019.12.11-19.27.39:331][  0]LogTemp: Display: Module 'MacClientTargetPlatform' loaded TargetPlatform 'MacClient'
[2019.12.11-19.27.39:341][  0]LogTemp: Display: Module 'MacNoEditorTargetPlatform' loaded TargetPlatform 'MacNoEditor'
[2019.12.11-19.27.39:351][  0]LogTemp: Display: Module 'MacServerTargetPlatform' loaded TargetPlatform 'MacServer'
[2019.12.11-19.27.39:361][  0]LogTemp: Display: Module 'MacTargetPlatform' loaded TargetPlatform 'Mac'
[2019.12.11-19.27.39:371][  0]LogTemp: Display: Module 'WindowsClientTargetPlatform' loaded TargetPlatform 'WindowsClient'
[2019.12.11-19.27.39:383][  0]LogTemp: Display: Module 'WindowsNoEditorTargetPlatform' loaded TargetPlatform 'WindowsNoEditor'
[2019.12.11-19.27.39:394][  0]LogTemp: Display: Module 'WindowsServerTargetPlatform' loaded TargetPlatform 'WindowsServer'
[2019.12.11-19.27.39:401][  0]LogTemp: Display: Module 'WindowsTargetPlatform' loaded TargetPlatform 'Windows'
[2019.12.11-19.27.39:435][  0]LogTemp: Display: Module 'AndroidTargetPlatform' loaded TargetPlatform 'Android'
[2019.12.11-19.27.39:435][  0]LogTemp: Display: Module 'AndroidTargetPlatform' loaded TargetPlatform 'Android_ASTC'
[2019.12.11-19.27.39:435][  0]LogTemp: Display: Module 'AndroidTargetPlatform' loaded TargetPlatform 'Android_ATC'
[2019.12.11-19.27.39:435][  0]LogTemp: Display: Module 'AndroidTargetPlatform' loaded TargetPlatform 'Android_DXT'
[2019.12.11-19.27.39:435][  0]LogTemp: Display: Module 'AndroidTargetPlatform' loaded TargetPlatform 'Android_ETC1'
[2019.12.11-19.27.39:435][  0]LogTemp: Display: Module 'AndroidTargetPlatform' loaded TargetPlatform 'Android_ETC1a'
[2019.12.11-19.27.39:435][  0]LogTemp: Display: Module 'AndroidTargetPlatform' loaded TargetPlatform 'Android_ETC2'
[2019.12.11-19.27.39:435][  0]LogTemp: Display: Module 'AndroidTargetPlatform' loaded TargetPlatform 'Android_PVRTC'
[2019.12.11-19.27.39:435][  0]LogTemp: Display: Module 'AndroidTargetPlatform' loaded TargetPlatform 'AndroidClient'
[2019.12.11-19.27.39:435][  0]LogTemp: Display: Module 'AndroidTargetPlatform' loaded TargetPlatform 'Android_ASTCClient'
[2019.12.11-19.27.39:435][  0]LogTemp: Display: Module 'AndroidTargetPlatform' loaded TargetPlatform 'Android_ATCClient'
[2019.12.11-19.27.39:436][  0]LogTemp: Display: Module 'AndroidTargetPlatform' loaded TargetPlatform 'Android_DXTClient'
[2019.12.11-19.27.39:436][  0]LogTemp: Display: Module 'AndroidTargetPlatform' loaded TargetPlatform 'Android_ETC1Client'
[2019.12.11-19.27.39:436][  0]LogTemp: Display: Module 'AndroidTargetPlatform' loaded TargetPlatform 'Android_ETC1aClient'
[2019.12.11-19.27.39:436][  0]LogTemp: Display: Module 'AndroidTargetPlatform' loaded TargetPlatform 'Android_ETC2Client'
[2019.12.11-19.27.39:436][  0]LogTemp: Display: Module 'AndroidTargetPlatform' loaded TargetPlatform 'Android_PVRTCClient'
[2019.12.11-19.27.39:436][  0]LogTemp: Display: Module 'AndroidTargetPlatform' loaded TargetPlatform 'Android_Multi'
[2019.12.11-19.27.39:436][  0]LogTemp: Display: Module 'AndroidTargetPlatform' loaded TargetPlatform 'Android_MultiClient'
[2019.12.11-19.27.39:437][  0]LogTemp: Display: Module 'HTML5TargetPlatform' loaded TargetPlatform 'HTML5'
[2019.12.11-19.27.39:457][  0]LogTemp: Display: Module 'IOSTargetPlatform' loaded TargetPlatform 'IOSClient'
[2019.12.11-19.27.39:457][  0]LogTemp: Display: Module 'IOSTargetPlatform' loaded TargetPlatform 'IOS'
[2019.12.11-19.27.39:471][  0]LogTemp: Display: Module 'TVOSTargetPlatform' loaded TargetPlatform 'TVOSClient'
[2019.12.11-19.27.39:471][  0]LogTemp: Display: Module 'TVOSTargetPlatform' loaded TargetPlatform 'TVOS'
[2019.12.11-19.27.39:479][  0]LogTemp: Display: Module 'LinuxClientTargetPlatform' loaded TargetPlatform 'LinuxClient'
[2019.12.11-19.27.39:486][  0]LogTemp: Display: Module 'LinuxNoEditorTargetPlatform' loaded TargetPlatform 'LinuxNoEditor'
[2019.12.11-19.27.39:493][  0]LogTemp: Display: Module 'LinuxServerTargetPlatform' loaded TargetPlatform 'LinuxServer'
[2019.12.11-19.27.39:501][  0]LogTemp: Display: Module 'LinuxTargetPlatform' loaded TargetPlatform 'Linux'
[2019.12.11-19.27.39:527][  0]LogTemp: Display: Module 'LuminTargetPlatform' loaded TargetPlatform 'Lumin'
[2019.12.11-19.27.39:527][  0]LogTemp: Display: Module 'LuminTargetPlatform' loaded TargetPlatform 'LuminClient'
[2019.12.11-19.27.39:527][  0]LogTargetPlatformManager: Display: Building Assets For Windows
[2019.12.11-19.27.39:537][  0]LogAudioDebug: Display: Lib vorbis DLL was dynamically loaded.
[2019.12.11-19.27.39:598][  0]LogShaderCompilers: Guid format shader working directory is -2 characters bigger than the processId version (D:/Unreal/repo/01_BuildingEscape/BuildingEscape/Intermediate/Shaders/WorkingDirectory/30668/).
[2019.12.11-19.27.39:598][  0]LogShaderCompilers: Cleaned the shader compiler working directory 'C:/Users/calli/AppData/Local/Temp/UnrealShaderWorkingDir/2247B95E489F77F98D18DC96AF5B2414/'.
[2019.12.11-19.27.39:601][  0]LogXGEController: Cleaning working directory: C:/Users/calli/AppData/Local/Temp/UnrealXGEWorkingDir/
[2019.12.11-19.27.39:601][  0]LogXGEController: Cannot use XGE Controller as Incredibuild is not installed on this machine.
[2019.12.11-19.27.39:601][  0]LogShaderCompilers: Cannot use XGE Shader Compiler as Incredibuild is not installed on this machine.
[2019.12.11-19.27.39:601][  0]LogShaderCompilers: Display: Using Local Shader Compiler.
[2019.12.11-19.27.40:216][  0]LogDerivedDataCache: Display: Max Cache Size: 512 MB
[2019.12.11-19.27.40:275][  0]LogDerivedDataCache: Loaded boot cache 0.06s 73MB C:/Users/calli/AppData/Local/UnrealEngine/4.23/DerivedDataCache/Boot.ddc.
[2019.12.11-19.27.40:275][  0]LogDerivedDataCache: Display: Loaded Boot cache: C:/Users/calli/AppData/Local/UnrealEngine/4.23/DerivedDataCache/Boot.ddc
[2019.12.11-19.27.40:275][  0]LogDerivedDataCache: FDerivedDataBackendGraph:  Pak pak cache file D:/Unreal/repo/01_BuildingEscape/BuildingEscape/DerivedDataCache/DDC.ddp not found, will not use a pak cache.
[2019.12.11-19.27.40:275][  0]LogDerivedDataCache: Unable to find inner node Pak for hierarchical cache Hierarchy.
[2019.12.11-19.27.40:275][  0]LogDerivedDataCache: FDerivedDataBackendGraph:  CompressedPak pak cache file D:/Unreal/repo/01_BuildingEscape/BuildingEscape/DerivedDataCache/Compressed.ddp not found, will not use a pak cache.
[2019.12.11-19.27.40:275][  0]LogDerivedDataCache: Unable to find inner node CompressedPak for hierarchical cache Hierarchy.
[2019.12.11-19.27.40:287][  0]LogDerivedDataCache: Display: Pak cache opened for reading ../../../Engine/DerivedDataCache/Compressed.ddp.
[2019.12.11-19.27.40:287][  0]LogDerivedDataCache: FDerivedDataBackendGraph:  EnterprisePak pak cache file ../../../Enterprise/DerivedDataCache/Compressed.ddp not found, will not use a pak cache.
[2019.12.11-19.27.40:287][  0]LogDerivedDataCache: Unable to find inner node EnterprisePak for hierarchical cache Hierarchy.
[2019.12.11-19.27.40:289][  0]LogDerivedDataCache: Using Local data cache path C:/Users/calli/AppData/Local/UnrealEngine/Common/DerivedDataCache: Writable
[2019.12.11-19.27.40:289][  0]LogDerivedDataCache: Shared data cache path not found in *engine.ini, will not use an Shared cache.
[2019.12.11-19.27.40:289][  0]LogDerivedDataCache: Unable to find inner node Shared for hierarchical cache Hierarchy.
[2019.12.11-19.27.40:320][  0]LogMaterial: Verifying Global Shaders for PCD3D_SM5
[2019.12.11-19.27.40:323][  0]LogSlate: Using FreeType 2.6.0
[2019.12.11-19.27.40:324][  0]LogSlate: SlateFontServices - WITH_FREETYPE: 1, WITH_HARFBUZZ: 1
[2019.12.11-19.27.40:382][  0]LogAssetRegistry: FAssetRegistry took 0.0026 seconds to start up
[2019.12.11-19.27.40:669][  0]LogInit: Selected Device Profile: [Windows]
[2019.12.11-19.27.40:830][  0]LogMeshReduction: Using QuadricMeshReduction for automatic static mesh reduction
[2019.12.11-19.27.40:830][  0]LogMeshReduction: Using SimplygonMeshReduction for automatic skeletal mesh reduction
[2019.12.11-19.27.40:830][  0]LogMeshReduction: Using ProxyLODMeshReduction for automatic mesh merging
[2019.12.11-19.27.40:830][  0]LogMeshReduction: No distributed automatic mesh merging module available
[2019.12.11-19.27.40:830][  0]LogMeshMerging: No distributed automatic mesh merging module available
[2019.12.11-19.27.40:842][  0]LogNetVersion: BuildingEscape 1.0.0, NetCL: 8386587, EngineNetVer: 11, GameNetVer: 0 (Checksum: 1610626118)
[2019.12.11-19.27.41:295][  0]LogPackageLocalizationCache: Processed 12 localized package path(s) for 1 prioritized culture(s) in 0.055813 seconds
[2019.12.11-19.27.41:302][  0]LogUObjectArray: 43444 objects as part of root set at end of initial load.
[2019.12.11-19.27.41:302][  0]LogUObjectAllocator: 7548648 out of 0 bytes used by permanent object pool.
[2019.12.11-19.27.41:302][  0]LogUObjectArray: CloseDisregardForGC: 0/0 objects in disregard for GC pool
[2019.12.11-19.27.42:158][  0]LogTcpMessaging: Initializing TcpMessaging bridge
[2019.12.11-19.27.42:162][  0]LogUdpMessaging: Initializing bridge on interface 0.0.0.0:0 to multicast group 230.0.0.1:6666.
[2019.12.11-19.27.42:231][  0]SourceControl: Source control is disabled
[2019.12.11-19.27.42:231][  0]SourceControl: Source control is disabled
[2019.12.11-19.27.42:233][  0]SourceControl: Source control is disabled
[2019.12.11-19.27.42:234][  0]SourceControl: Source control is disabled
[2019.12.11-19.27.42:329][  0]LogAndroidPermission: UAndroidPermissionCallbackProxy::GetInstance
[2019.12.11-19.27.42:495][  0]LogOcInput: OculusInput pre-init called
[2019.12.11-19.27.42:504][  0]LogWindows: Failed to load 'OVRPlugin.dll' (GetLastError=126)
[2019.12.11-19.27.42:504][  0]LogWindows: File 'OVRPlugin.dll' does not exist
[2019.12.11-19.27.42:581][  0]LogEngine: Initializing Engine...
[2019.12.11-19.27.42:582][  0]LogHMD: Failed to initialize OpenVR with code 110
[2019.12.11-19.27.42:583][  0]LogStats: UGameplayTagsManager::InitializeManager -  0.000 s
[2019.12.11-19.27.42:839][  0]LogInit: Initializing FReadOnlyCVARCache
[2019.12.11-19.27.42:862][  0]LogAIModule: Creating AISystem for world Untitled
[2019.12.11-19.27.42:890][  0]LogInit: XAudio2 using 'ASUS XG32V (NVIDIA High Definition Audio)' : 2 channels at 48 kHz using 16 bits per sample (channel mask 0x3)
[2019.12.11-19.27.42:908][  0]LogInit: FAudioDevice initialized.
[2019.12.11-19.27.42:908][  0]LogNetVersion: Set ProjectVersion to 1.0.0.0. Version Checksum will be recalculated on next use.
[2019.12.11-19.27.42:977][  0]LogDerivedDataCache: Saved boot cache 0.07s 73MB C:/Users/calli/AppData/Local/UnrealEngine/4.23/DerivedDataCache/Boot.ddc.
[2019.12.11-19.27.42:996][  0]LogInit: Texture streaming: Enabled
[2019.12.11-19.27.43:024][  0]LogEngineSessionManager: EngineSessionManager initialized
[2019.12.11-19.27.43:024][  0]LogEngineSessionManager: EngineSessionManager sent abnormal shutdown report. Type=Crashed, SessionId={EC8FB00A-4AD4-D410-AE2B-19981B8E6764}
[2019.12.11-19.27.43:024][  0]LogEditorSessionSummary: Verbose: Initializing EditorSessionSummaryWriter for editor session tracking
[2019.12.11-19.27.43:024][  0]LogEditorSessionSummary: EditorSessionSummaryWriter initialized
[2019.12.11-19.27.43:099][  0]LogInit: Transaction tracking system initialized
[2019.12.11-19.27.43:139][  0]BlueprintLog: New page: Editor Load
[2019.12.11-19.27.43:235][  0]LocalizationService: Localization service is disabled
[2019.12.11-19.27.43:483][  0]LogFileCache: Scanning file cache for directory 'D:/Unreal/repo/01_BuildingEscape/BuildingEscape/Content/' took 0.01s
[2019.12.11-19.27.43:483][  0]LogCook: Display: Max memory allowance for cook 16384mb min free memory 0mb
[2019.12.11-19.27.43:483][  0]LogCook: Display: Mobile HDR setting 1
[2019.12.11-19.27.43:703][  0]SourceControl: Source control is disabled
[2019.12.11-19.27.43:703][  0]Cmd: MAP LOAD FILE="D:/Unreal/repo/01_BuildingEscape/BuildingEscape/Content/NewMap.umap" TEMPLATE=0 SHOWPROGRESS=1 FEATURELEVEL=3
[2019.12.11-19.27.43:704][  0]LightingResults: New page: Lighting Build
[2019.12.11-19.27.43:707][  0]LogWorld: UWorld::CleanupWorld for Untitled, bSessionEnded=true, bCleanupResources=true
[2019.12.11-19.27.43:708][  0]MapCheck: New page: Map Check
[2019.12.11-19.27.43:708][  0]LightingResults: New page: Lighting Build
[2019.12.11-19.27.43:783][  0]LogUObjectHash: Compacting FUObjectHashTables data took   2.06ms
[2019.12.11-19.27.43:852][  0]LogLinker: Warning: While loading 'D:/Unreal/repo/01_BuildingEscape/BuildingEscape/Content/Materials/2x1_Door_and_Frame_Frame.uasset' failed to load '/Game/Materials/Rock_Mat': Can't find file.
[2019.12.11-19.27.43:852][  0]LogLinker: Warning: While loading 'D:/Unreal/repo/01_BuildingEscape/BuildingEscape/Content/Materials/2x1_Door_and_Frame_Frame.uasset' failed to load '/Game/Materials/Rock_Mat': Can't find file.
[2019.12.11-19.27.43:852][  0]LogLinker: Warning: While loading 'D:/Unreal/repo/01_BuildingEscape/BuildingEscape/Content/Materials/2x1_Door_and_Frame_Frame.uasset' failed to load '/Game/Materials/Rock_Mat': Can't find file.
[2019.12.11-19.27.43:852][  0]LogLinker: Warning: While loading 'D:/Unreal/repo/01_BuildingEscape/BuildingEscape/Content/Materials/2x1_Door_and_Frame_Frame.uasset' failed to load '/Game/Materials/Rock_Mat': Can't find file.
[2019.12.11-19.27.43:870][  0]LogLinker: Warning: While loading 'D:/Unreal/repo/01_BuildingEscape/BuildingEscape/Content/Materials/2x1_Door_and_Frame_Frame.uasset' failed to load '/Game/Materials/Rock_Mat': Can't find file.
[2019.12.11-19.27.43:870][  0]LoadErrors: Failed to load /Game/Materials/Rock_Mat.Rock_Mat Referenced by 2x1_Door_and_Frame_Frame
[2019.12.11-19.27.43:870][  0]LogLinker: Warning: While loading 'D:/Unreal/repo/01_BuildingEscape/BuildingEscape/Content/Materials/2x1_Door_and_Frame_Frame.uasset' failed to load '/Game/Materials/Rock_Mat': Can't find file.
[2019.12.11-19.27.43:870][  0]LoadErrors: Failed to load /Game/Materials/Rock_Mat.Rock_Mat Referenced by 2x1_Door_and_Frame_Frame
[2019.12.11-19.27.43:870][  0]LogLinker: Warning: While loading 'D:/Unreal/repo/01_BuildingEscape/BuildingEscape/Content/Materials/2x1_Door_and_Frame_Frame.uasset' failed to load '/Game/Materials/Rock_Mat': Can't find file.
[2019.12.11-19.27.43:870][  0]LoadErrors: Failed to load /Game/Materials/Rock_Mat.Rock_Mat Referenced by 2x1_Door_and_Frame_Frame
[2019.12.11-19.27.43:870][  0]LogLinker: Warning: While loading 'D:/Unreal/repo/01_BuildingEscape/BuildingEscape/Content/Materials/2x1_Door_and_Frame_Frame.uasset' failed to load '/Game/Materials/Rock_Mat': Can't find file.
[2019.12.11-19.27.43:870][  0]LoadErrors: Failed to load /Game/Materials/Rock_Mat.Rock_Mat Referenced by 2x1_Door_and_Frame_Frame
[2019.12.11-19.27.43:937][  0]LogAIModule: Creating AISystem for world NewMap
[2019.12.11-19.27.43:942][  0]LogEditorServer: Finished looking for orphan Actors (0.000 secs)
[2019.12.11-19.27.44:020][  0]LogUObjectHash: Compacting FUObjectHashTables data took   2.44ms
[2019.12.11-19.27.44:020][  0]Cmd: MAP CHECKDEP NOCLEARLOG
[2019.12.11-19.27.44:020][  0]MapCheck: Map check complete: 0 Error(s), 0 Warning(s), took 0.15ms to complete.
[2019.12.11-19.27.44:020][  0]LogFileHelpers: Loading map 'NewMap' took 0.317
[2019.12.11-19.27.44:135][  0]LogSlate: Updating window title bar state: overlay mode, drag disabled, window buttons hidden, title bar hidden
[2019.12.11-19.27.44:143][  0]LogSlate: Updating window title bar state: overlay mode, drag disabled, window buttons hidden, title bar hidden
[2019.12.11-19.27.44:151][  0]LogSlate: Updating window title bar state: overlay mode, drag disabled, window buttons hidden, title bar hidden
[2019.12.11-19.27.44:158][  0]LogSlate: Updating window title bar state: overlay mode, drag disabled, window buttons hidden, title bar hidden
[2019.12.11-19.27.44:167][  0]LogCollectionManager: Loaded 0 collections in 0.002847 seconds
[2019.12.11-19.27.44:176][  0]LogFileCache: Scanning file cache for directory 'D:/Unreal/repo/01_BuildingEscape/BuildingEscape/Saved/Collections/' took 0.00s
[2019.12.11-19.27.44:176][  0]LogFileCache: Scanning file cache for directory 'D:/Unreal/repo/01_BuildingEscape/BuildingEscape/Content/Developers/calli/Collections/' took 0.00s
[2019.12.11-19.27.44:176][  0]LogFileCache: Scanning file cache for directory 'D:/Unreal/repo/01_BuildingEscape/BuildingEscape/Content/Collections/' took 0.00s
[2019.12.11-19.27.44:176][  0]LogCollectionManager: Rebuilt the GUID cache for 0 collections in 0.000002 seconds
[2019.12.11-19.27.44:186][  0]LogContentBrowser: Native class hierarchy populated in 0.0106 seconds. Added 2866 classes and 682 folders.
[2019.12.11-19.27.44:195][  0]LogContentBrowser: Native class hierarchy updated for 'WidgetCarousel' in 0.0004 seconds. Added 0 classes and 0 folders.
[2019.12.11-19.27.44:241][  0]LogContentBrowser: Native class hierarchy updated for 'AddContentDialog' in 0.0005 seconds. Added 0 classes and 0 folders.
[2019.12.11-19.27.44:251][  0]LogContentBrowser: Native class hierarchy updated for 'SceneOutliner' in 0.0006 seconds. Added 1 classes and 2 folders.
[2019.12.11-19.27.44:275][  0]LogSlate: Took 0.000578 seconds to synchronously load lazily loaded font '../../../Engine/Content/Slate/Fonts/Roboto-Regular.ttf' (155K)
[2019.12.11-19.27.44:279][  0]LogSlate: Took 0.000378 seconds to synchronously load lazily loaded font '../../../Engine/Content/Slate/Fonts/Roboto-Bold.ttf' (160K)
[2019.12.11-19.27.44:288][  0]LogSlate: Took 0.000383 seconds to synchronously load lazily loaded font '../../../Engine/Content/Editor/Slate/Fonts/FontAwesome.ttf' (139K)
[2019.12.11-19.27.44:354][  0]LogRenderer: Reallocating scene render targets to support 1616x808 Format 10 NumSamples 1 (Frame:1).
[2019.12.11-19.27.44:475][  0]LogContentBrowser: Native class hierarchy updated for 'HierarchicalLODOutliner' in 0.0005 seconds. Added 0 classes and 0 folders.
[2019.12.11-19.27.44:475][  0]LogLoad: (Engine Initialization) Total time: 7.52 seconds
[2019.12.11-19.27.44:475][  0]LogLoad: (Engine Initialization) Total Blueprint compile time: 0.00 seconds
[2019.12.11-19.27.44:522][  0]LogAssetRegistry: Asset discovery search completed in 4.1417 seconds
[2019.12.11-19.27.44:526][  0]LogCollectionManager: Rebuilt the object cache for 0 collections in 0.000005 seconds (found 0 objects)
[2019.12.11-19.27.44:526][  0]LogCollectionManager: Fixed up redirectors for 0 collections in 0.000061 seconds (updated 0 objects)
[2019.12.11-19.27.44:527][  0]LogContentStreaming: Texture pool size now 1000 MB
[2019.12.11-19.27.44:538][  0]LogSlate: FSceneViewport::OnFocusLost() reason 5
[2019.12.11-19.27.46:296][199]LogSlate: Window 'Message Log' being destroyed
[2019.12.11-19.27.46:301][199]LogSlate: Window 'Message Log' being destroyed
[2019.12.11-19.28.53:241][599]LogSlate: FSceneViewport::OnFocusLost() reason 5
[2019.12.11-19.28.55:603][874]LogSlate: Took 0.000252 seconds to synchronously load lazily loaded font '../../../Engine/Content/Slate/Fonts/Roboto-Light.ttf' (167K)
[2019.12.11-19.28.55:607][874]LogSlate: FSceneViewport::OnFocusLost() reason 5
[2019.12.11-19.28.55:614][874]Running C:/Program Files/Epic Games/UE_4.23/Engine/Binaries/DotNET/UnrealBuildTool.exe  -projectfiles -project="D:/Unreal/repo/01_BuildingEscape/BuildingEscape/BuildingEscape.uproject" -game -rocket -progress
[2019.12.11-19.28.56:019][874]Discovering modules, targets and source code for project...
[2019.12.11-19.28.57:224][874]Binding IntelliSense data...
[2019.12.11-19.28.59:145][874]Binding IntelliSense data... 100%
[2019.12.11-19.28.59:146][874]Writing project files...
[2019.12.11-19.29.01:360][874]Writing project files... 100%
[2019.12.11-19.29.02:958][ 52]LogSlate: FSceneViewport::OnFocusLost() reason 5
[2019.12.11-19.29.03:312][ 93]LogSlate: FSceneViewport::OnFocusLost() reason 5
[2019.12.11-19.29.05:245][308]LogSlate: FSceneViewport::OnFocusLost() reason 5
[2019.12.11-19.29.05:452][331]LogSlate: FSceneViewport::OnFocusLost() reason 5
[2019.12.11-19.30.06:296][537]LogSlate: FSceneViewport::OnFocusLost() reason 0
[2019.12.11-19.30.06:395][546]Candidate modules for hot reload:
[2019.12.11-19.30.06:395][546]  BuildingEscape
[2019.12.11-19.30.06:395][546]Launching UnrealBuildTool... [C:/Program Files/Epic Games/UE_4.23/Engine/Binaries/DotNET/UnrealBuildTool.exe  -ModuleWithSuffix=BuildingEscape,2991 Win64 Development -TargetType=Editor -Project="D:/Unreal/repo/01_BuildingEscape/BuildingEscape/BuildingEscape.uproject" "D:/Unreal/repo/01_BuildingEscape/BuildingEscape/BuildingEscape.uproject"  -IgnoreJunk]
[2019.12.11-19.30.06:398][546]Warning: Starting HotReload took  0.0s.
[2019.12.11-19.30.17:029][787]CompilerResultsLog: New page: Compilation - 12/12/2019 9:30:17 pm
[2019.12.11-19.30.17:029][787]CompilerResultsLog: Using 'git status' to determine working set for adaptive non-unity build (D:\Unreal\repo\01_BuildingEscape).
[2019.12.11-19.30.17:029][787]CompilerResultsLog: Creating makefile for BuildingEscapeEditor (no existing makefile)
[2019.12.11-19.30.17:029][787]CompilerResultsLog: Parsing headers for BuildingEscapeEditor
[2019.12.11-19.30.17:029][787]CompilerResultsLog:   Running UnrealHeaderTool "D:\Unreal\repo\01_BuildingEscape\BuildingEscape\BuildingEscape.uproject" "D:\Unreal\repo\01_BuildingEscape\BuildingEscape\Intermediate\Build\Win64\BuildingEscapeEditor\Development\BuildingEscapeEditor.uhtmanifest" -LogCmds="loginit warning, logexit warning, logdatabase error" -Unattended -WarningsAsErrors -installed
[2019.12.11-19.30.17:029][787]CompilerResultsLog: Reflection code generated for BuildingEscapeEditor in 6.508022 seconds
[2019.12.11-19.30.17:029][787]CompilerResultsLog: Error: D:\Unreal\repo\01_BuildingEscape\BuildingEscape\Source\BuildingEscape\OpenDoor.cpp(1) : error: Expected OpenDoor.h to be first header included.
[2019.12.11-19.30.17:029][787]CompilerResultsLog: Using Visual Studio 2019 14.24.28314 toolchain (C:\Program Files (x86)\Microsoft Visual Studio\2019\Community\VC\Tools\MSVC\14.24.28314) and Windows 10.0.18362.0 SDK (C:\Program Files (x86)\Windows Kits\10).
[2019.12.11-19.30.17:029][787]CompilerResultsLog: Building 4 actions with 32 processes...
[2019.12.11-19.30.17:029][787]CompilerResultsLog:   [1/4] OpenDoor.cpp
[2019.12.11-19.30.17:029][787]CompilerResultsLog:   D:\Unreal\repo\01_BuildingEscape\BuildingEscape\Source\BuildingEscape\OpenDoor.cpp(22): warning C4458: declaration of 'Owner' hides class member
[2019.12.11-19.30.17:029][787]CompilerResultsLog:   D:\Unreal\repo\01_BuildingEscape\BuildingEscape\Source\BuildingEscape\OpenDoor.h(45): note: see declaration of 'UOpenDoor::Owner'
[2019.12.11-19.30.17:029][787]CompilerResultsLog:   [2/4] UE4Editor-BuildingEscape-2991.lib
[2019.12.11-19.30.17:029][787]CompilerResultsLog:      Creating library D:\Unreal\repo\01_BuildingEscape\BuildingEscape\Intermediate\Build\Win64\UE4Editor\Development\BuildingEscape\UE4Editor-BuildingEscape-2991.lib and object D:\Unreal\repo\01_BuildingEscape\BuildingEscape\Intermediate\Build\Win64\UE4Editor\Development\BuildingEscape\UE4Editor-BuildingEscape-2991.exp
[2019.12.11-19.30.17:029][787]CompilerResultsLog:   [3/4] UE4Editor-BuildingEscape-2991.dll
[2019.12.11-19.30.17:030][787]CompilerResultsLog:      Creating library D:\Unreal\repo\01_BuildingEscape\BuildingEscape\Intermediate\Build\Win64\UE4Editor\Development\BuildingEscape\UE4Editor-BuildingEscape-2991.suppressed.lib and object D:\Unreal\repo\01_BuildingEscape\BuildingEscape\Intermediate\Build\Win64\UE4Editor\Development\BuildingEscape\UE4Editor-BuildingEscape-2991.suppressed.exp
[2019.12.11-19.30.17:030][787]CompilerResultsLog:   [4/4] BuildingEscapeEditor.target
[2019.12.11-19.30.17:030][787]CompilerResultsLog: Total time in Parallel executor: 1.97 seconds
[2019.12.11-19.30.17:030][787]CompilerResultsLog: Total execution time: 10.54 seconds
[2019.12.11-19.30.17:030][787]LogMainFrame: MainFrame: Module compiling took 10.640 seconds
[2019.12.11-19.30.17:101][787]LogUObjectHash: Compacting FUObjectHashTables data took   0.84ms
[2019.12.11-19.30.17:127][787]LogContentBrowser: Native class hierarchy updated for 'BuildingEscape' in 0.0006 seconds. Added 3 classes and 2 folders.
[2019.12.11-19.30.17:129][787]Display: HotReload successful (0 functions remapped  0 scriptstructs remapped)
[2019.12.11-19.30.17:235][787]LogUObjectHash: Compacting FUObjectHashTables data took   1.17ms
[2019.12.11-19.30.17:249][787]LogContentBrowser: Native class hierarchy populated in 0.0093 seconds. Added 2867 classes and 684 folders.
[2019.12.11-19.30.17:250][787]Display: HotReload took 10.9s.
[2019.12.11-19.30.17:685][839]LogSlate: FSceneViewport::OnFocusLost() reason 0
[2019.12.11-19.30.17:784][851]LogTemp: Repeating last play command: Selected Viewport
[2019.12.11-19.30.17:798][851]LogBlueprintUserMessages: Early PlayInEditor Detection: Level '/Game/NewMap.NewMap:PersistentLevel' has LevelScriptBlueprint '/Game/NewMap.NewMap:PersistentLevel.NewMap' with GeneratedClass '/Game/NewMap.NewMap_C' with ClassGeneratedBy '/Game/NewMap.NewMap:PersistentLevel.NewMap'
[2019.12.11-19.30.17:798][851]LogPlayLevel: PlayLevel: No blueprints needed recompiling
[2019.12.11-19.30.17:798][851]PIE: New page: PIE session: NewMap (12/12/2019 9:30:17 pm)
[2019.12.11-19.30.17:799][851]LogOnline: OSS: Creating online subsystem instance for: NULL
[2019.12.11-19.30.17:801][851]LogPlayLevel: Creating play world package: /Game/UEDPIE_0_NewMap
[2019.12.11-19.30.17:806][851]LogPlayLevel: PIE: StaticDuplicateObject took: (0.004971s)
[2019.12.11-19.30.17:807][851]LogAIModule: Creating AISystem for world NewMap
[2019.12.11-19.30.17:807][851]LogPlayLevel: PIE: World Init took: (0.001103s)
[2019.12.11-19.30.17:807][851]LogPlayLevel: PIE: Created PIE world by copying editor world from /Game/NewMap.NewMap to /Game/UEDPIE_0_NewMap.NewMap (0.006362s)
[2019.12.11-19.30.17:873][851]LogUObjectHash: Compacting FUObjectHashTables data took   1.45ms
[2019.12.11-19.30.17:895][851]LogInit: XAudio2 using 'ASUS XG32V (NVIDIA High Definition Audio)' : 2 channels at 48 kHz using 16 bits per sample (channel mask 0x3)
[2019.12.11-19.30.17:907][851]LogInit: FAudioDevice initialized.
[2019.12.11-19.30.17:917][851]LogUObjectGlobals: Warning: Failed to find object 'Class /Script/BuildingEscape.BuildingEscapeGameMode'
[2019.12.11-19.30.17:917][851]LogLoad: Game class is 'GameModeBase'
[2019.12.11-19.30.17:919][851]LogWorld: Bringing World /Game/UEDPIE_0_NewMap.NewMap up for play (max tick rate 0) at 2019.12.12-08.30.17
[2019.12.11-19.30.17:920][851]LogWorld: Bringing up level for play took: 0.001085
[2019.12.11-19.30.17:920][851]LogOnline: OSS: Creating online subsystem instance for: :Context_2
[2019.12.11-19.30.17:950][851]LogContentBrowser: Native class hierarchy updated for 'MovieSceneCapture' in 0.0005 seconds. Added 20 classes and 0 folders.
[2019.12.11-19.30.17:950][851]LogTemp: Warning: The Position of the 2x1_Door_and_Frame_Door_16 is X=-160.000 Y=200.000 Z=30.000
[2019.12.11-19.30.17:950][851]PIE: Play in editor start time for /Game/UEDPIE_0_NewMap 0.202
[2019.12.11-19.30.17:957][851]LogBlueprintUserMessages: Late PlayInEditor Detection: Level '/Game/NewMap.NewMap:PersistentLevel' has LevelScriptBlueprint '/Game/NewMap.NewMap:PersistentLevel.NewMap' with GeneratedClass '/Game/NewMap.NewMap_C' with ClassGeneratedBy '/Game/NewMap.NewMap:PersistentLevel.NewMap'
[2019.12.11-19.30.27:277][965]LogBlueprintUserMessages: Early EndPlayMap Detection: Level '/Game/NewMap.NewMap:PersistentLevel' has LevelScriptBlueprint '/Game/NewMap.NewMap:PersistentLevel.NewMap' with GeneratedClass '/Game/NewMap.NewMap_C' with ClassGeneratedBy '/Game/NewMap.NewMap:PersistentLevel.NewMap'
[2019.12.11-19.30.27:277][965]LogSlate: Updating window title bar state: overlay mode, drag disabled, window buttons hidden, title bar hidden
[2019.12.11-19.30.27:277][965]LogWorld: BeginTearingDown for /Game/UEDPIE_0_NewMap
[2019.12.11-19.30.27:277][965]LogWorld: UWorld::CleanupWorld for NewMap, bSessionEnded=true, bCleanupResources=true
[2019.12.11-19.30.27:285][965]LogPlayLevel: Display: Shutting down PIE online subsystems
[2019.12.11-19.30.27:285][965]LogBlueprintUserMessages: Late EndPlayMap Detection: Level '/Game/NewMap.NewMap:PersistentLevel' has LevelScriptBlueprint '/Game/NewMap.NewMap:PersistentLevel.NewMap' with GeneratedClass '/Game/NewMap.NewMap_C' with ClassGeneratedBy '/Game/NewMap.NewMap:PersistentLevel.NewMap'
[2019.12.11-19.30.27:362][965]LogSlate: Updating window title bar state: overlay mode, drag disabled, window buttons hidden, title bar hidden
[2019.12.11-19.30.27:366][965]LogUObjectHash: Compacting FUObjectHashTables data took   2.03ms
[2019.12.11-19.30.27:390][966]LogPlayLevel: Display: Destroying online subsystem :Context_2
[2019.12.11-19.30.47:377][225]LogSlate: FSceneViewport::OnFocusLost() reason 0
[2019.12.11-19.30.47:470][235]Candidate modules for hot reload:
[2019.12.11-19.30.47:470][235]  BuildingEscape
[2019.12.11-19.30.47:471][235]Launching UnrealBuildTool... [C:/Program Files/Epic Games/UE_4.23/Engine/Binaries/DotNET/UnrealBuildTool.exe  -ModuleWithSuffix=BuildingEscape,2086 Win64 Development -TargetType=Editor -Project="D:/Unreal/repo/01_BuildingEscape/BuildingEscape/BuildingEscape.uproject" "D:/Unreal/repo/01_BuildingEscape/BuildingEscape/BuildingEscape.uproject"  -IgnoreJunk]
[2019.12.11-19.30.47:474][235]Warning: Starting HotReload took  0.0s.
[2019.12.11-19.30.56:952][359]CompilerResultsLog: New page: Compilation - 12/12/2019 9:30:56 pm
[2019.12.11-19.30.56:952][359]CompilerResultsLog: Using 'git status' to determine working set for adaptive non-unity build (D:\Unreal\repo\01_BuildingEscape).
[2019.12.11-19.30.56:952][359]CompilerResultsLog: Parsing headers for BuildingEscapeEditor
[2019.12.11-19.30.56:952][359]CompilerResultsLog:   Running UnrealHeaderTool "D:\Unreal\repo\01_BuildingEscape\BuildingEscape\BuildingEscape.uproject" "D:\Unreal\repo\01_BuildingEscape\BuildingEscape\Intermediate\Build\Win64\BuildingEscapeEditor\Development\BuildingEscapeEditor.uhtmanifest" -LogCmds="loginit warning, logexit warning, logdatabase error" -Unattended -WarningsAsErrors -installed
[2019.12.11-19.30.56:952][359]CompilerResultsLog: Reflection code generated for BuildingEscapeEditor in 6.4649599 seconds
[2019.12.11-19.30.56:952][359]CompilerResultsLog: Using Visual Studio 2019 14.24.28314 toolchain (C:\Program Files (x86)\Microsoft Visual Studio\2019\Community\VC\Tools\MSVC\14.24.28314) and Windows 10.0.18362.0 SDK (C:\Program Files (x86)\Windows Kits\10).
[2019.12.11-19.30.56:952][359]CompilerResultsLog: Building 4 actions with 32 processes...
[2019.12.11-19.30.56:952][359]CompilerResultsLog:   [1/4] OpenDoor.cpp
[2019.12.11-19.30.56:952][359]CompilerResultsLog:   D:\Unreal\repo\01_BuildingEscape\BuildingEscape\Source\BuildingEscape\OpenDoor.cpp(22): warning C4458: declaration of 'Owner' hides class member
[2019.12.11-19.30.56:952][359]CompilerResultsLog:   D:\Unreal\repo\01_BuildingEscape\BuildingEscape\Source\BuildingEscape\OpenDoor.h(45): note: see declaration of 'UOpenDoor::Owner'
[2019.12.11-19.30.56:952][359]CompilerResultsLog:   [2/4] UE4Editor-BuildingEscape-2086.lib
[2019.12.11-19.30.56:952][359]CompilerResultsLog:      Creating library D:\Unreal\repo\01_BuildingEscape\BuildingEscape\Intermediate\Build\Win64\UE4Editor\Development\BuildingEscape\UE4Editor-BuildingEscape-2086.lib and object D:\Unreal\repo\01_BuildingEscape\BuildingEscape\Intermediate\Build\Win64\UE4Editor\Development\BuildingEscape\UE4Editor-BuildingEscape-2086.exp
[2019.12.11-19.30.56:952][359]CompilerResultsLog:   [3/4] UE4Editor-BuildingEscape-2086.dll
[2019.12.11-19.30.56:952][359]CompilerResultsLog:      Creating library D:\Unreal\repo\01_BuildingEscape\BuildingEscape\Intermediate\Build\Win64\UE4Editor\Development\BuildingEscape\UE4Editor-BuildingEscape-2086.suppressed.lib and object D:\Unreal\repo\01_BuildingEscape\BuildingEscape\Intermediate\Build\Win64\UE4Editor\Development\BuildingEscape\UE4Editor-BuildingEscape-2086.suppressed.exp
[2019.12.11-19.30.56:952][359]CompilerResultsLog:   [4/4] BuildingEscapeEditor.target
[2019.12.11-19.30.56:952][359]CompilerResultsLog: Total time in Parallel executor: 1.84 seconds
[2019.12.11-19.30.56:952][359]CompilerResultsLog: Total execution time: 9.38 seconds
[2019.12.11-19.30.56:952][359]LogMainFrame: MainFrame: Module compiling took 9.487 seconds
[2019.12.11-19.30.57:022][359]LogUObjectHash: Compacting FUObjectHashTables data took   0.81ms
[2019.12.11-19.30.57:048][359]LogContentBrowser: Native class hierarchy updated for 'BuildingEscape' in 0.0006 seconds. Added 3 classes and 2 folders.
[2019.12.11-19.30.57:053][359]Display: HotReload successful (0 functions remapped  0 scriptstructs remapped)
[2019.12.11-19.30.57:161][359]LogUObjectHash: Compacting FUObjectHashTables data took   1.20ms
[2019.12.11-19.30.57:177][359]LogContentBrowser: Native class hierarchy populated in 0.0105 seconds. Added 2867 classes and 684 folders.
[2019.12.11-19.30.57:177][359]Display: HotReload took  9.7s.
[2019.12.11-19.30.58:947][571]LogTemp: Repeating last play command: Selected Viewport
[2019.12.11-19.30.58:962][571]LogBlueprintUserMessages: Early PlayInEditor Detection: Level '/Game/NewMap.NewMap:PersistentLevel' has LevelScriptBlueprint '/Game/NewMap.NewMap:PersistentLevel.NewMap' with GeneratedClass '/Game/NewMap.NewMap_C' with ClassGeneratedBy '/Game/NewMap.NewMap:PersistentLevel.NewMap'
[2019.12.11-19.30.58:962][571]LogPlayLevel: PlayLevel: No blueprints needed recompiling
[2019.12.11-19.30.58:962][571]PIE: New page: PIE session: NewMap (12/12/2019 9:30:58 pm)
[2019.12.11-19.30.58:962][571]LogPlayLevel: Creating play world package: /Game/UEDPIE_0_NewMap
[2019.12.11-19.30.58:968][571]LogPlayLevel: PIE: StaticDuplicateObject took: (0.005025s)
[2019.12.11-19.30.58:969][571]LogAIModule: Creating AISystem for world NewMap
[2019.12.11-19.30.58:969][571]LogPlayLevel: PIE: World Init took: (0.001120s)
[2019.12.11-19.30.58:969][571]LogPlayLevel: PIE: Created PIE world by copying editor world from /Game/NewMap.NewMap to /Game/UEDPIE_0_NewMap.NewMap (0.006341s)
[2019.12.11-19.30.59:031][571]LogUObjectHash: Compacting FUObjectHashTables data took   1.46ms
[2019.12.11-19.30.59:055][571]LogInit: XAudio2 using 'ASUS XG32V (NVIDIA High Definition Audio)' : 2 channels at 48 kHz using 16 bits per sample (channel mask 0x3)
[2019.12.11-19.30.59:065][571]LogInit: FAudioDevice initialized.
[2019.12.11-19.30.59:074][571]LogLoad: Game class is 'GameModeBase'
[2019.12.11-19.30.59:075][571]LogWorld: Bringing World /Game/UEDPIE_0_NewMap.NewMap up for play (max tick rate 0) at 2019.12.12-08.30.59
[2019.12.11-19.30.59:075][571]LogWorld: Bringing up level for play took: 0.000936
[2019.12.11-19.30.59:075][571]LogOnline: OSS: Creating online subsystem instance for: :Context_3
[2019.12.11-19.30.59:078][571]LogTemp: Warning: The Position of the 2x1_Door_and_Frame_Door_16 is X=-160.000 Y=200.000 Z=30.000
[2019.12.11-19.30.59:078][571]PIE: Play in editor start time for /Game/UEDPIE_0_NewMap -0.67
[2019.12.11-19.30.59:078][571]LogBlueprintUserMessages: Late PlayInEditor Detection: Level '/Game/NewMap.NewMap:PersistentLevel' has LevelScriptBlueprint '/Game/NewMap.NewMap:PersistentLevel.NewMap' with GeneratedClass '/Game/NewMap.NewMap_C' with ClassGeneratedBy '/Game/NewMap.NewMap:PersistentLevel.NewMap'
[2019.12.11-19.31.04:430][ 39]LogWindows: Error: === Critical error: ===
[2019.12.11-19.31.04:430][ 39]LogWindows: Error: 
[2019.12.11-19.31.04:431][ 39]LogWindows: Error: Fatal error!
[2019.12.11-19.31.04:431][ 39]LogWindows: Error: 
[2019.12.11-19.31.04:431][ 39]LogWindows: Error: Unhandled Exception: EXCEPTION_ACCESS_VIOLATION reading address 0x00000170
[2019.12.11-19.31.04:431][ 39]LogWindows: Error: 
[2019.12.11-19.31.04:431][ 39]LogWindows: Error: [Callstack] 0x00007ff9422b9d84 UE4Editor-Engine.dll!UnknownFunction []
[2019.12.11-19.31.04:431][ 39]LogWindows: Error: [Callstack] 0x00007ff90ad6246a UE4Editor-BuildingEscape-2086.dll!UOpenDoor::TickComponent() [D:\Unreal\repo\01_BuildingEscape\BuildingEscape\Source\BuildingEscape\OpenDoor.cpp:33]
[2019.12.11-19.31.04:431][ 39]LogWindows: Error: [Callstack] 0x00007ff9426064c0 UE4Editor-Engine.dll!UnknownFunction []
[2019.12.11-19.31.04:431][ 39]LogWindows: Error: [Callstack] 0x00007ff942634bd4 UE4Editor-Engine.dll!UnknownFunction []
[2019.12.11-19.31.04:431][ 39]LogWindows: Error: [Callstack] 0x00007ff9433264d3 UE4Editor-Engine.dll!UnknownFunction []
[2019.12.11-19.31.04:431][ 39]LogWindows: Error: [Callstack] 0x00007ff943333757 UE4Editor-Engine.dll!UnknownFunction []
[2019.12.11-19.31.04:431][ 39]LogWindows: Error: [Callstack] 0x00007ff9417b4e4a UE4Editor-Core.dll!UnknownFunction []
[2019.12.11-19.31.04:431][ 39]LogWindows: Error: [Callstack] 0x00007ff9417b510a UE4Editor-Core.dll!UnknownFunction []
[2019.12.11-19.31.04:431][ 39]LogWindows: Error: [Callstack] 0x00007ff94335294d UE4Editor-Engine.dll!UnknownFunction []
[2019.12.11-19.31.04:431][ 39]LogWindows: Error: [Callstack] 0x00007ff943358a82 UE4Editor-Engine.dll!UnknownFunction []
[2019.12.11-19.31.04:431][ 39]LogWindows: Error: [Callstack] 0x00007ff942b4d6ef UE4Editor-Engine.dll!UnknownFunction []
[2019.12.11-19.31.04:431][ 39]LogWindows: Error: [Callstack] 0x00007ff942b58f7e UE4Editor-Engine.dll!UnknownFunction []
[2019.12.11-19.31.04:431][ 39]LogWindows: Error: [Callstack] 0x00007ff91dfde00b UE4Editor-UnrealEd.dll!UnknownFunction []
[2019.12.11-19.31.04:431][ 39]LogWindows: Error: [Callstack] 0x00007ff91e835296 UE4Editor-UnrealEd.dll!UnknownFunction []
[2019.12.11-19.31.04:431][ 39]LogWindows: Error: [Callstack] 0x00007ff69ac67b0a UE4Editor.exe!UnknownFunction []
[2019.12.11-19.31.04:431][ 39]LogWindows: Error: [Callstack] 0x00007ff69ac7a91c UE4Editor.exe!UnknownFunction []
[2019.12.11-19.31.04:431][ 39]LogWindows: Error: [Callstack] 0x00007ff69ac7a9fa UE4Editor.exe!UnknownFunction []
[2019.12.11-19.31.04:431][ 39]LogWindows: Error: [Callstack] 0x00007ff69ac8b92c UE4Editor.exe!UnknownFunction []
[2019.12.11-19.31.04:431][ 39]LogWindows: Error: [Callstack] 0x00007ff69ac8e60e UE4Editor.exe!UnknownFunction []
[2019.12.11-19.31.04:431][ 39]LogWindows: Error: [Callstack] 0x00007ff996f67974 KERNEL32.DLL!UnknownFunction []
[2019.12.11-19.31.04:431][ 39]LogWindows: Error: [Callstack] 0x00007ff99984a271 ntdll.dll!UnknownFunction []
[2019.12.11-19.31.04:431][ 39]LogWindows: Error: 
[2019.12.11-19.31.04:458][ 39]LogExit: Executing StaticShutdownAfterError
[2019.12.11-19.31.04:461][ 39]LogWindows: FPlatformMisc::RequestExit(1)
[2019.12.11-19.31.04:471][ 39]Log file closed, 12/12/19 08:31:04
