Log file open, 12/12/19 08:40:01
LogWindows: Failed to load 'aqProf.dll' (GetLastError=126)
LogWindows: File 'aqProf.dll' does not exist
LogWindows: Failed to load 'VtuneApi.dll' (GetLastError=126)
LogWindows: File 'VtuneApi.dll' does not exist
LogWindows: Failed to load 'VtuneApi32e.dll' (GetLastError=126)
LogWindows: File 'VtuneApi32e.dll' does not exist
LogConsoleResponse: Display: Failed to find resolution value strings in scalability ini. Falling back to default.
LogInit: Display: Running engine for game: BuildingEscape
LogPlatformFile: Not using cached read wrapper
LogTaskGraph: Started task graph with 5 named threads and 83 total threads with 3 sets of task threads.
LogStats: Stats thread started at 0.087266
LogD3D11RHI: Loaded GFSDK_Aftermath_Lib.x64.dll
LogICUInternationalization: ICU TimeZone Detection - Raw Offset: +12:00, Platform Override: ''
LogPluginManager: Mounting plugin Paper2D
LogPluginManager: Mounting plugin AISupport
LogPluginManager: Mounting plugin LightPropagationVolume
LogPluginManager: Mounting plugin ActorLayerUtilities
LogPluginManager: Mounting plugin AnimationSharing
LogPluginManager: Mounting plugin CLionSourceCodeAccess
LogPluginManager: Mounting plugin CodeLiteSourceCodeAccess
LogPluginManager: Mounting plugin GitSourceControl
LogPluginManager: Mounting plugin KDevelopSourceCodeAccess
LogPluginManager: Mounting plugin NullSourceCodeAccess
LogPluginManager: Mounting plugin PerforceSourceControl
LogPluginManager: Mounting plugin SubversionSourceControl
LogPluginManager: Mounting plugin UObjectPlugin
LogPluginManager: Mounting plugin VisualStudioCodeSourceCodeAccess
LogPluginManager: Mounting plugin VisualStudioSourceCodeAccess
LogPluginManager: Mounting plugin XCodeSourceCodeAccess
LogPluginManager: Mounting plugin AssetManagerEditor
LogPluginManager: Mounting plugin CryptoKeys
LogPluginManager: Mounting plugin CurveEditorTools
LogPluginManager: Mounting plugin DataValidation
LogPluginManager: Mounting plugin FacialAnimation
LogPluginManager: Mounting plugin GameplayTagsEditor
LogPluginManager: Mounting plugin MacGraphicsSwitching
LogPluginManager: Mounting plugin MaterialAnalyzer
LogPluginManager: Mounting plugin MobileLauncherProfileWizard
LogPluginManager: Mounting plugin PluginBrowser
LogPluginManager: Mounting plugin SpeedTreeImporter
LogPluginManager: Mounting plugin DatasmithContent
LogPluginManager: Mounting plugin VariantManagerContent
LogPluginManager: Mounting plugin AlembicImporter
LogPluginManager: Mounting plugin AutomationUtils
LogPluginManager: Mounting plugin BackChannel
LogPluginManager: Mounting plugin CharacterAI
LogPluginManager: Mounting plugin GeometryCache
LogPluginManager: Mounting plugin HTML5Networking
LogPluginManager: Mounting plugin PlatformCrypto
LogPluginManager: Mounting plugin ProxyLODPlugin
LogPluginManager: Mounting plugin SkeletalReduction
LogPluginManager: Mounting plugin MagicLeap
LogPluginManager: Mounting plugin MagicLeapMedia
LogPluginManager: Mounting plugin AndroidMedia
LogPluginManager: Mounting plugin AvfMedia
LogPluginManager: Mounting plugin ImgMedia
LogPluginManager: Mounting plugin MediaCompositing
LogPluginManager: Mounting plugin MediaPlayerEditor
LogPluginManager: Mounting plugin WebMMedia
LogPluginManager: Mounting plugin WmfMedia
LogPluginManager: Mounting plugin TcpMessaging
LogPluginManager: Mounting plugin UdpMessaging
LogPluginManager: Mounting plugin ActorSequence
LogPluginManager: Mounting plugin LevelSequenceEditor
LogPluginManager: Mounting plugin MatineeToLevelSequence
LogPluginManager: Mounting plugin NetcodeUnitTest
LogPluginManager: Mounting plugin NUTUnrealEngine4
LogPluginManager: Mounting plugin OnlineSubsystemGooglePlay
LogPluginManager: Mounting plugin OnlineSubsystemIOS
LogPluginManager: Mounting plugin OnlineSubsystem
LogPluginManager: Mounting plugin OnlineSubsystemNull
LogPluginManager: Mounting plugin OnlineSubsystemUtils
LogPluginManager: Mounting plugin LauncherChunkInstaller
LogPluginManager: Mounting plugin AndroidDeviceProfileSelector
LogPluginManager: Mounting plugin AndroidMoviePlayer
LogPluginManager: Mounting plugin AndroidPermission
LogPluginManager: Mounting plugin AppleImageUtils
LogPluginManager: Mounting plugin AppleMoviePlayer
LogPluginManager: Mounting plugin ArchVisCharacter
LogPluginManager: Mounting plugin AudioCapture
LogPluginManager: Mounting plugin CableComponent
LogPluginManager: Mounting plugin CustomMeshComponent
LogPluginManager: Mounting plugin EditableMesh
LogPluginManager: Mounting plugin ExampleDeviceProfileSelector
LogPluginManager: Mounting plugin GoogleCloudMessaging
LogPluginManager: Mounting plugin IOSDeviceProfileSelector
LogPluginManager: Mounting plugin LinuxDeviceProfileSelector
LogPluginManager: Mounting plugin LocationServicesBPLibrary
LogPluginManager: Mounting plugin MobilePatchingUtils
LogPluginManager: Mounting plugin OculusVR
LogPluginManager: Mounting plugin PhysXVehicles
LogPluginManager: Mounting plugin ProceduralMeshComponent
LogPluginManager: Mounting plugin RuntimePhysXCooking
LogPluginManager: Mounting plugin SignificanceManager
LogPluginManager: Mounting plugin SteamVR
LogPluginManager: Mounting plugin WebMMoviePlayer
LogPluginManager: Mounting plugin WindowsMoviePlayer
LogPluginManager: Mounting plugin ScreenshotTools
LogInit: Using libcurl 7.55.1-DEV
LogInit:  - built for x86_64-pc-win32
LogInit:  - supports SSL with OpenSSL/1.1.1
LogInit:  - supports HTTP deflate (compression) using libz 1.2.8
LogInit:  - other features:
LogInit:      CURL_VERSION_SSL
LogInit:      CURL_VERSION_LIBZ
LogInit:      CURL_VERSION_IPV6
LogInit:      CURL_VERSION_ASYNCHDNS
LogInit:      CURL_VERSION_LARGEFILE
LogInit:      CURL_VERSION_IDN
LogInit:  CurlRequestOptions (configurable via config and command line):
LogInit:  - bVerifyPeer = true  - Libcurl will verify peer certificate
LogInit:  - bUseHttpProxy = false  - Libcurl will NOT use HTTP proxy
LogInit:  - bDontReuseConnections = false  - Libcurl will reuse connections
LogInit:  - MaxHostConnections = 16  - Libcurl will limit the number of connections to a host
LogInit:  - LocalHostAddr = Default
LogInit:  - BufferSize = 65536
LogOnline: OSS: Creating online subsystem instance for: NULL
LogInit: WinSock: version 1.1 (2.2), MaxSocks=32767, MaxUdp=65467
LogInit: Build: ++UE4+Release-4.23-CL-9631420
LogInit: Engine Version: 4.23.1-9631420+++UE4+Release-4.23
LogInit: Compatible Engine Version: 4.23.0-8386587+++UE4+Release-4.23
LogInit: Net CL: 8386587
LogInit: OS: Windows 10 (Release 1809) (), CPU: AMD Ryzen Threadripper 1950X 16-Core Processor , GPU: NVIDIA GeForce GTX 1070 Ti
LogInit: Compiled (64-bit): Oct 18 2019 02:07:44
LogInit: Compiled with Visual C++: 19.16.27030.01
LogInit: Build Configuration: Development
LogInit: Branch Name: ++UE4+Release-4.23
LogInit: Command Line:  -EpicPortal -epicusername=Callioneta -epicuserid=b3c052af7bf840e4afc0508e96622237 -epiclocale=en-US
LogInit: Base Directory: C:/Program Files/Epic Games/UE_4.23/Engine/Binaries/Win64/
LogInit: Installed Engine Build: 1
LogDevObjectVersion: Number of dev versions registered: 23
LogDevObjectVersion:   Dev-Blueprints (B0D832E4-1F89-4F0D-ACCF-7EB736FD4AA2): 10
LogDevObjectVersion:   Dev-Build (E1C64328-A22C-4D53-A36C-8E866417BD8C): 0
LogDevObjectVersion:   Dev-Core (375EC13C-06E4-48FB-B500-84F0262A717E): 3
LogDevObjectVersion:   Dev-Editor (E4B068ED-F494-42E9-A231-DA0B2E46BB41): 34
LogDevObjectVersion:   Dev-Framework (CFFC743F-43B0-4480-9391-14DF171D2073): 35
LogDevObjectVersion:   Dev-Mobile (B02B49B5-BB20-44E9-A304-32B752E40360): 2
LogDevObjectVersion:   Dev-Networking (A4E4105C-59A1-49B5-A7C5-40C4547EDFEE): 0
LogDevObjectVersion:   Dev-Online (39C831C9-5AE6-47DC-9A44-9C173E1C8E7C): 0
LogDevObjectVersion:   Dev-Physics (78F01B33-EBEA-4F98-B9B4-84EACCB95AA2): 0
LogDevObjectVersion:   Dev-Platform (6631380F-2D4D-43E0-8009-CF276956A95A): 0
LogDevObjectVersion:   Dev-Rendering (12F88B9F-8875-4AFC-A67C-D90C383ABD29): 31
LogDevObjectVersion:   Dev-Sequencer (7B5AE74C-D270-4C10-A958-57980B212A5A): 11
LogDevObjectVersion:   Dev-VR (D7296918-1DD6-4BDD-9DE2-64A83CC13884): 2
LogDevObjectVersion:   Dev-LoadTimes (C2A15278-BFE7-4AFE-6C17-90FF531DF755): 1
LogDevObjectVersion:   Private-Geometry (6EACA3D4-40EC-4CC1-B786-8BED09428FC5): 3
LogDevObjectVersion:   Dev-AnimPhys (29E575DD-E0A3-4627-9D10-D276232CDCEA): 17
LogDevObjectVersion:   Dev-Anim (AF43A65D-7FD3-4947-9873-3E8ED9C1BB05): 2
LogDevObjectVersion:   Dev-ReflectionCapture (6B266CEC-1EC7-4B8F-A30B-E4D90942FC07): 1
LogDevObjectVersion:   Dev-Automation (0DF73D61-A23F-47EA-B727-89E90C41499A): 1
LogDevObjectVersion:   FortniteMain (601D1886-AC64-4F84-AA16-D3DE0DEAC7D6): 27
LogDevObjectVersion:   Dev-Enterprise (9DFFBCD6-494F-0158-E221-12823C92A888): 6
LogDevObjectVersion:   Dev-Niagara (F2AED0AC-9AFE-416F-8664-AA7FFA26D6FC): 1
LogDevObjectVersion:   Dev-Destruction (174F1F0B-B4C6-45A5-B13F-2EE8D0FB917D): 9
LogInit: Presizing for max 16777216 objects, including 0 objects not considered by GC, pre-allocating 0 bytes for permanent pool.
LogInit: Object subsystem initialized
LogConfig: Setting CVar [[con.DebugEarlyDefault:1]]
LogConfig: Setting CVar [[r.setres:1280x720]]
[2019.12.11-19.40.02:147][  0]LogConfig: Setting CVar [[r.VSync:0]]
[2019.12.11-19.40.02:147][  0]LogConfig: Setting CVar [[r.RHICmdBypass:0]]
[2019.12.11-19.40.02:147][  0]LogConfig: Applying CVar settings from Section [/Script/Engine.RendererSettings] File [D:/Unreal/repo/01_BuildingEscape/BuildingEscape/Saved/Config/Windows/Engine.ini]
[2019.12.11-19.40.02:147][  0]LogConfig: Setting CVar [[r.GPUCrashDebugging:0]]
[2019.12.11-19.40.02:147][  0]LogConfig: Setting CVar [[r.DefaultFeature.AutoExposure.ExtendDefaultLuminanceRange:1]]
[2019.12.11-19.40.02:147][  0]LogConfig: Applying CVar settings from Section [/Script/Engine.RendererOverrideSettings] File [D:/Unreal/repo/01_BuildingEscape/BuildingEscape/Saved/Config/Windows/Engine.ini]
[2019.12.11-19.40.02:147][  0]LogConfig: Applying CVar settings from Section [/Script/Engine.StreamingSettings] File [D:/Unreal/repo/01_BuildingEscape/BuildingEscape/Saved/Config/Windows/Engine.ini]
[2019.12.11-19.40.02:147][  0]LogConfig: Setting CVar [[s.MinBulkDataSizeForAsyncLoading:131072]]
[2019.12.11-19.40.02:147][  0]LogConfig: Setting CVar [[s.AsyncLoadingThreadEnabled:0]]
[2019.12.11-19.40.02:147][  0]LogConfig: Setting CVar [[s.EventDrivenLoaderEnabled:1]]
[2019.12.11-19.40.02:147][  0]LogConfig: Setting CVar [[s.WarnIfTimeLimitExceeded:0]]
[2019.12.11-19.40.02:147][  0]LogConfig: Setting CVar [[s.TimeLimitExceededMultiplier:1.5]]
[2019.12.11-19.40.02:147][  0]LogConfig: Setting CVar [[s.TimeLimitExceededMinTime:0.005]]
[2019.12.11-19.40.02:147][  0]LogConfig: Setting CVar [[s.UseBackgroundLevelStreaming:1]]
[2019.12.11-19.40.02:147][  0]LogConfig: Setting CVar [[s.PriorityAsyncLoadingExtraTime:15.0]]
[2019.12.11-19.40.02:147][  0]LogConfig: Setting CVar [[s.LevelStreamingActorsUpdateTimeLimit:5.0]]
[2019.12.11-19.40.02:147][  0]LogConfig: Setting CVar [[s.PriorityLevelStreamingActorsUpdateExtraTime:5.0]]
[2019.12.11-19.40.02:147][  0]LogConfig: Setting CVar [[s.LevelStreamingComponentsRegistrationGranularity:10]]
[2019.12.11-19.40.02:147][  0]LogConfig: Setting CVar [[s.UnregisterComponentsTimeLimit:1.0]]
[2019.12.11-19.40.02:147][  0]LogConfig: Setting CVar [[s.LevelStreamingComponentsUnregistrationGranularity:5]]
[2019.12.11-19.40.02:147][  0]LogConfig: Applying CVar settings from Section [/Script/Engine.GarbageCollectionSettings] File [D:/Unreal/repo/01_BuildingEscape/BuildingEscape/Saved/Config/Windows/Engine.ini]
[2019.12.11-19.40.02:147][  0]LogConfig: Setting CVar [[gc.MaxObjectsNotConsideredByGC:1]]
[2019.12.11-19.40.02:147][  0]LogConfig: Setting CVar [[gc.SizeOfPermanentObjectPool:0]]
[2019.12.11-19.40.02:147][  0]LogConfig: Setting CVar [[gc.FlushStreamingOnGC:0]]
[2019.12.11-19.40.02:147][  0]LogConfig: Setting CVar [[gc.NumRetriesBeforeForcingGC:10]]
[2019.12.11-19.40.02:147][  0]LogConfig: Setting CVar [[gc.AllowParallelGC:1]]
[2019.12.11-19.40.02:147][  0]LogConfig: Setting CVar [[gc.TimeBetweenPurgingPendingKillObjects:61.1]]
[2019.12.11-19.40.02:147][  0]LogConfig: Setting CVar [[gc.MaxObjectsInEditor:16777216]]
[2019.12.11-19.40.02:147][  0]LogConfig: Setting CVar [[gc.IncrementalBeginDestroyEnabled:1]]
[2019.12.11-19.40.02:147][  0]LogConfig: Setting CVar [[gc.CreateGCClusters:1]]
[2019.12.11-19.40.02:147][  0]LogConfig: Setting CVar [[gc.MinGCClusterSize:5]]
[2019.12.11-19.40.02:147][  0]LogConfig: Setting CVar [[gc.ActorClusteringEnabled:0]]
[2019.12.11-19.40.02:147][  0]LogConfig: Setting CVar [[gc.BlueprintClusteringEnabled:0]]
[2019.12.11-19.40.02:147][  0]LogConfig: Setting CVar [[gc.UseDisregardForGCOnDedicatedServers:0]]
[2019.12.11-19.40.02:147][  0]LogConfig: Applying CVar settings from Section [/Script/Engine.NetworkSettings] File [D:/Unreal/repo/01_BuildingEscape/BuildingEscape/Saved/Config/Windows/Engine.ini]
[2019.12.11-19.40.02:147][  0]LogConfig: Applying CVar settings from Section [/Script/UnrealEd.CookerSettings] File [D:/Unreal/repo/01_BuildingEscape/BuildingEscape/Saved/Config/Windows/Engine.ini]
[2019.12.11-19.40.02:154][  0]LogConfig: Applying CVar settings from Section [ViewDistanceQuality@3] File [D:/Unreal/repo/01_BuildingEscape/BuildingEscape/Saved/Config/Windows/Scalability.ini]
[2019.12.11-19.40.02:154][  0]LogConfig: Setting CVar [[r.SkeletalMeshLODBias:0]]
[2019.12.11-19.40.02:154][  0]LogConfig: Setting CVar [[r.ViewDistanceScale:1.0]]
[2019.12.11-19.40.02:154][  0]LogConfig: Applying CVar settings from Section [AntiAliasingQuality@3] File [D:/Unreal/repo/01_BuildingEscape/BuildingEscape/Saved/Config/Windows/Scalability.ini]
[2019.12.11-19.40.02:154][  0]LogConfig: Setting CVar [[r.PostProcessAAQuality:4]]
[2019.12.11-19.40.02:154][  0]LogConfig: Applying CVar settings from Section [ShadowQuality@3] File [D:/Unreal/repo/01_BuildingEscape/BuildingEscape/Saved/Config/Windows/Scalability.ini]
[2019.12.11-19.40.02:154][  0]LogConfig: Setting CVar [[r.LightFunctionQuality:1]]
[2019.12.11-19.40.02:154][  0]LogConfig: Setting CVar [[r.ShadowQuality:5]]
[2019.12.11-19.40.02:154][  0]LogConfig: Setting CVar [[r.Shadow.CSM.MaxCascades:10]]
[2019.12.11-19.40.02:154][  0]LogConfig: Setting CVar [[r.Shadow.MaxResolution:2048]]
[2019.12.11-19.40.02:154][  0]LogConfig: Setting CVar [[r.Shadow.MaxCSMResolution:2048]]
[2019.12.11-19.40.02:154][  0]LogConfig: Setting CVar [[r.Shadow.RadiusThreshold:0.01]]
[2019.12.11-19.40.02:154][  0]LogConfig: Setting CVar [[r.Shadow.DistanceScale:1.0]]
[2019.12.11-19.40.02:154][  0]LogConfig: Setting CVar [[r.Shadow.CSM.TransitionScale:1.0]]
[2019.12.11-19.40.02:154][  0]LogConfig: Setting CVar [[r.Shadow.PreShadowResolutionFactor:1.0]]
[2019.12.11-19.40.02:154][  0]LogConfig: Setting CVar [[r.DistanceFieldShadowing:1]]
[2019.12.11-19.40.02:154][  0]LogConfig: Setting CVar [[r.DistanceFieldAO:1]]
[2019.12.11-19.40.02:154][  0]LogConfig: Setting CVar [[r.AOQuality:2]]
[2019.12.11-19.40.02:154][  0]LogConfig: Setting CVar [[r.VolumetricFog:1]]
[2019.12.11-19.40.02:154][  0]LogConfig: Setting CVar [[r.VolumetricFog.GridPixelSize:8]]
[2019.12.11-19.40.02:154][  0]LogConfig: Setting CVar [[r.VolumetricFog.GridSizeZ:128]]
[2019.12.11-19.40.02:154][  0]LogConfig: Setting CVar [[r.VolumetricFog.HistoryMissSupersampleCount:4]]
[2019.12.11-19.40.02:154][  0]LogConfig: Setting CVar [[r.LightMaxDrawDistanceScale:1]]
[2019.12.11-19.40.02:154][  0]LogConfig: Setting CVar [[r.CapsuleShadows:1]]
[2019.12.11-19.40.02:155][  0]LogConfig: Applying CVar settings from Section [PostProcessQuality@3] File [D:/Unreal/repo/01_BuildingEscape/BuildingEscape/Saved/Config/Windows/Scalability.ini]
[2019.12.11-19.40.02:155][  0]LogConfig: Setting CVar [[r.MotionBlurQuality:4]]
[2019.12.11-19.40.02:155][  0]LogConfig: Setting CVar [[r.AmbientOcclusionMipLevelFactor:0.4]]
[2019.12.11-19.40.02:155][  0]LogConfig: Setting CVar [[r.AmbientOcclusionMaxQuality:100]]
[2019.12.11-19.40.02:155][  0]LogConfig: Setting CVar [[r.AmbientOcclusionLevels:-1]]
[2019.12.11-19.40.02:155][  0]LogConfig: Setting CVar [[r.AmbientOcclusionRadiusScale:1.0]]
[2019.12.11-19.40.02:155][  0]LogConfig: Setting CVar [[r.DepthOfFieldQuality:2]]
[2019.12.11-19.40.02:155][  0]LogConfig: Setting CVar [[r.RenderTargetPoolMin:400]]
[2019.12.11-19.40.02:155][  0]LogConfig: Setting CVar [[r.LensFlareQuality:2]]
[2019.12.11-19.40.02:155][  0]LogConfig: Setting CVar [[r.SceneColorFringeQuality:1]]
[2019.12.11-19.40.02:155][  0]LogConfig: Setting CVar [[r.EyeAdaptationQuality:2]]
[2019.12.11-19.40.02:155][  0]LogConfig: Setting CVar [[r.BloomQuality:5]]
[2019.12.11-19.40.02:155][  0]LogConfig: Setting CVar [[r.FastBlurThreshold:100]]
[2019.12.11-19.40.02:155][  0]LogConfig: Setting CVar [[r.Upscale.Quality:3]]
[2019.12.11-19.40.02:155][  0]LogConfig: Setting CVar [[r.Tonemapper.GrainQuantization:1]]
[2019.12.11-19.40.02:155][  0]LogConfig: Setting CVar [[r.LightShaftQuality:1]]
[2019.12.11-19.40.02:155][  0]LogConfig: Setting CVar [[r.Filter.SizeScale:1]]
[2019.12.11-19.40.02:155][  0]LogConfig: Setting CVar [[r.Tonemapper.Quality:5]]
[2019.12.11-19.40.02:155][  0]LogConfig: Setting CVar [[r.DOF.Gather.AccumulatorQuality:1        ; higher gathering accumulator quality]]
[2019.12.11-19.40.02:155][  0]LogConfig: Setting CVar [[r.DOF.Gather.PostfilterMethod:1          ; Median3x3 postfilering method]]
[2019.12.11-19.40.02:155][  0]LogConfig: Setting CVar [[r.DOF.Gather.EnableBokehSettings:0       ; no bokeh simulation when gathering]]
[2019.12.11-19.40.02:155][  0]LogConfig: Setting CVar [[r.DOF.Gather.RingCount:4                 ; medium number of samples when gathering]]
[2019.12.11-19.40.02:155][  0]LogConfig: Setting CVar [[r.DOF.Scatter.ForegroundCompositing:1    ; additive foreground scattering]]
[2019.12.11-19.40.02:155][  0]LogConfig: Setting CVar [[r.DOF.Scatter.BackgroundCompositing:2    ; additive background scattering]]
[2019.12.11-19.40.02:155][  0]LogConfig: Setting CVar [[r.DOF.Scatter.EnableBokehSettings:1      ; bokeh simulation when scattering]]
[2019.12.11-19.40.02:155][  0]LogConfig: Setting CVar [[r.DOF.Scatter.MaxSpriteRatio:0.1         ; only a maximum of 10% of scattered bokeh]]
[2019.12.11-19.40.02:155][  0]LogConfig: Setting CVar [[r.DOF.Recombine.Quality:1                ; cheap slight out of focus]]
[2019.12.11-19.40.02:155][  0]LogConfig: Setting CVar [[r.DOF.Recombine.EnableBokehSettings:0    ; no bokeh simulation on slight out of focus]]
[2019.12.11-19.40.02:155][  0]LogConfig: Setting CVar [[r.DOF.TemporalAAQuality:1                ; more stable temporal accumulation]]
[2019.12.11-19.40.02:155][  0]LogConfig: Setting CVar [[r.DOF.Kernel.MaxForegroundRadius:0.025]]
[2019.12.11-19.40.02:155][  0]LogConfig: Setting CVar [[r.DOF.Kernel.MaxBackgroundRadius:0.025]]
[2019.12.11-19.40.02:155][  0]LogConfig: Applying CVar settings from Section [TextureQuality@3] File [D:/Unreal/repo/01_BuildingEscape/BuildingEscape/Saved/Config/Windows/Scalability.ini]
[2019.12.11-19.40.02:155][  0]LogConfig: Setting CVar [[r.Streaming.MipBias:0]]
[2019.12.11-19.40.02:155][  0]LogConfig: Setting CVar [[r.Streaming.AmortizeCPUToGPUCopy:0]]
[2019.12.11-19.40.02:155][  0]LogConfig: Setting CVar [[r.Streaming.MaxNumTexturesToStreamPerFrame:0]]
[2019.12.11-19.40.02:155][  0]LogConfig: Setting CVar [[r.Streaming.Boost:1]]
[2019.12.11-19.40.02:155][  0]LogConfig: Setting CVar [[r.MaxAnisotropy:8]]
[2019.12.11-19.40.02:155][  0]LogConfig: Setting CVar [[r.Streaming.LimitPoolSizeToVRAM:0]]
[2019.12.11-19.40.02:155][  0]LogConfig: Setting CVar [[r.Streaming.PoolSize:1000]]
[2019.12.11-19.40.02:155][  0]LogConfig: Setting CVar [[r.Streaming.MaxEffectiveScreenSize:0]]
[2019.12.11-19.40.02:155][  0]LogConfig: Applying CVar settings from Section [EffectsQuality@3] File [D:/Unreal/repo/01_BuildingEscape/BuildingEscape/Saved/Config/Windows/Scalability.ini]
[2019.12.11-19.40.02:155][  0]LogConfig: Setting CVar [[r.TranslucencyLightingVolumeDim:64]]
[2019.12.11-19.40.02:155][  0]LogConfig: Setting CVar [[r.RefractionQuality:2]]
[2019.12.11-19.40.02:155][  0]LogConfig: Setting CVar [[r.SSR.Quality:3]]
[2019.12.11-19.40.02:155][  0]LogConfig: Setting CVar [[r.SceneColorFormat:4]]
[2019.12.11-19.40.02:155][  0]LogConfig: Setting CVar [[r.DetailMode:2]]
[2019.12.11-19.40.02:155][  0]LogConfig: Setting CVar [[r.TranslucencyVolumeBlur:1]]
[2019.12.11-19.40.02:155][  0]LogConfig: Setting CVar [[r.MaterialQualityLevel:1 ; High quality]]
[2019.12.11-19.40.02:155][  0]LogConfig: Setting CVar [[r.SSS.Scale:1]]
[2019.12.11-19.40.02:155][  0]LogConfig: Setting CVar [[r.SSS.SampleSet:2]]
[2019.12.11-19.40.02:155][  0]LogConfig: Setting CVar [[r.SSS.Quality:1]]
[2019.12.11-19.40.02:155][  0]LogConfig: Setting CVar [[r.SSS.HalfRes:1]]
[2019.12.11-19.40.02:155][  0]LogConfig: Setting CVar [[r.EmitterSpawnRateScale:1.0]]
[2019.12.11-19.40.02:155][  0]LogConfig: Setting CVar [[r.ParticleLightQuality:2]]
[2019.12.11-19.40.02:155][  0]LogConfig: Applying CVar settings from Section [FoliageQuality@3] File [D:/Unreal/repo/01_BuildingEscape/BuildingEscape/Saved/Config/Windows/Scalability.ini]
[2019.12.11-19.40.02:155][  0]LogConfig: Setting CVar [[foliage.DensityScale:1.0]]
[2019.12.11-19.40.02:155][  0]LogConfig: Setting CVar [[grass.DensityScale:1.0]]
[2019.12.11-19.40.02:155][  0]LogInit: Selected Device Profile: [Windows]
[2019.12.11-19.40.02:155][  0]LogInit: Applying CVar settings loaded from the selected device profile: [Windows]
[2019.12.11-19.40.02:158][  0]LogHAL: Display: Platform has ~ 64 GB [68595326976 / 68719476736 / 64], which maps to Largest [LargestMinGB=32, LargerMinGB=12, DefaultMinGB=8, SmallerMinGB=6, SmallestMinGB=0)
[2019.12.11-19.40.02:158][  0]LogInit: Going up to parent DeviceProfile []
[2019.12.11-19.40.02:158][  0]LogConfig: Applying CVar settings from Section [ViewDistanceQuality@3] File [D:/Unreal/repo/01_BuildingEscape/BuildingEscape/Saved/Config/Windows/Scalability.ini]
[2019.12.11-19.40.02:158][  0]LogConfig: Setting CVar [[r.SkeletalMeshLODBias:0]]
[2019.12.11-19.40.02:158][  0]LogConfig: Setting CVar [[r.ViewDistanceScale:1.0]]
[2019.12.11-19.40.02:158][  0]LogConfig: Applying CVar settings from Section [AntiAliasingQuality@3] File [D:/Unreal/repo/01_BuildingEscape/BuildingEscape/Saved/Config/Windows/Scalability.ini]
[2019.12.11-19.40.02:158][  0]LogConfig: Setting CVar [[r.PostProcessAAQuality:4]]
[2019.12.11-19.40.02:158][  0]LogConfig: Applying CVar settings from Section [ShadowQuality@3] File [D:/Unreal/repo/01_BuildingEscape/BuildingEscape/Saved/Config/Windows/Scalability.ini]
[2019.12.11-19.40.02:158][  0]LogConfig: Setting CVar [[r.LightFunctionQuality:1]]
[2019.12.11-19.40.02:158][  0]LogConfig: Setting CVar [[r.ShadowQuality:5]]
[2019.12.11-19.40.02:158][  0]LogConfig: Setting CVar [[r.Shadow.CSM.MaxCascades:10]]
[2019.12.11-19.40.02:158][  0]LogConfig: Setting CVar [[r.Shadow.MaxResolution:2048]]
[2019.12.11-19.40.02:159][  0]LogConfig: Setting CVar [[r.Shadow.MaxCSMResolution:2048]]
[2019.12.11-19.40.02:159][  0]LogConfig: Setting CVar [[r.Shadow.RadiusThreshold:0.01]]
[2019.12.11-19.40.02:159][  0]LogConfig: Setting CVar [[r.Shadow.DistanceScale:1.0]]
[2019.12.11-19.40.02:159][  0]LogConfig: Setting CVar [[r.Shadow.CSM.TransitionScale:1.0]]
[2019.12.11-19.40.02:159][  0]LogConfig: Setting CVar [[r.Shadow.PreShadowResolutionFactor:1.0]]
[2019.12.11-19.40.02:159][  0]LogConfig: Setting CVar [[r.DistanceFieldShadowing:1]]
[2019.12.11-19.40.02:159][  0]LogConfig: Setting CVar [[r.DistanceFieldAO:1]]
[2019.12.11-19.40.02:159][  0]LogConfig: Setting CVar [[r.AOQuality:2]]
[2019.12.11-19.40.02:159][  0]LogConfig: Setting CVar [[r.VolumetricFog:1]]
[2019.12.11-19.40.02:159][  0]LogConfig: Setting CVar [[r.VolumetricFog.GridPixelSize:8]]
[2019.12.11-19.40.02:159][  0]LogConfig: Setting CVar [[r.VolumetricFog.GridSizeZ:128]]
[2019.12.11-19.40.02:159][  0]LogConfig: Setting CVar [[r.VolumetricFog.HistoryMissSupersampleCount:4]]
[2019.12.11-19.40.02:159][  0]LogConfig: Setting CVar [[r.LightMaxDrawDistanceScale:1]]
[2019.12.11-19.40.02:159][  0]LogConfig: Setting CVar [[r.CapsuleShadows:1]]
[2019.12.11-19.40.02:159][  0]LogConfig: Applying CVar settings from Section [PostProcessQuality@3] File [D:/Unreal/repo/01_BuildingEscape/BuildingEscape/Saved/Config/Windows/Scalability.ini]
[2019.12.11-19.40.02:159][  0]LogConfig: Setting CVar [[r.MotionBlurQuality:4]]
[2019.12.11-19.40.02:159][  0]LogConfig: Setting CVar [[r.AmbientOcclusionMipLevelFactor:0.4]]
[2019.12.11-19.40.02:159][  0]LogConfig: Setting CVar [[r.AmbientOcclusionMaxQuality:100]]
[2019.12.11-19.40.02:159][  0]LogConfig: Setting CVar [[r.AmbientOcclusionLevels:-1]]
[2019.12.11-19.40.02:159][  0]LogConfig: Setting CVar [[r.AmbientOcclusionRadiusScale:1.0]]
[2019.12.11-19.40.02:159][  0]LogConfig: Setting CVar [[r.DepthOfFieldQuality:2]]
[2019.12.11-19.40.02:159][  0]LogConfig: Setting CVar [[r.RenderTargetPoolMin:400]]
[2019.12.11-19.40.02:159][  0]LogConfig: Setting CVar [[r.LensFlareQuality:2]]
[2019.12.11-19.40.02:159][  0]LogConfig: Setting CVar [[r.SceneColorFringeQuality:1]]
[2019.12.11-19.40.02:159][  0]LogConfig: Setting CVar [[r.EyeAdaptationQuality:2]]
[2019.12.11-19.40.02:159][  0]LogConfig: Setting CVar [[r.BloomQuality:5]]
[2019.12.11-19.40.02:159][  0]LogConfig: Setting CVar [[r.FastBlurThreshold:100]]
[2019.12.11-19.40.02:159][  0]LogConfig: Setting CVar [[r.Upscale.Quality:3]]
[2019.12.11-19.40.02:159][  0]LogConfig: Setting CVar [[r.Tonemapper.GrainQuantization:1]]
[2019.12.11-19.40.02:159][  0]LogConfig: Setting CVar [[r.LightShaftQuality:1]]
[2019.12.11-19.40.02:159][  0]LogConfig: Setting CVar [[r.Filter.SizeScale:1]]
[2019.12.11-19.40.02:159][  0]LogConfig: Setting CVar [[r.Tonemapper.Quality:5]]
[2019.12.11-19.40.02:159][  0]LogConfig: Setting CVar [[r.DOF.Gather.AccumulatorQuality:1        ; higher gathering accumulator quality]]
[2019.12.11-19.40.02:159][  0]LogConfig: Setting CVar [[r.DOF.Gather.PostfilterMethod:1          ; Median3x3 postfilering method]]
[2019.12.11-19.40.02:159][  0]LogConfig: Setting CVar [[r.DOF.Gather.EnableBokehSettings:0       ; no bokeh simulation when gathering]]
[2019.12.11-19.40.02:159][  0]LogConfig: Setting CVar [[r.DOF.Gather.RingCount:4                 ; medium number of samples when gathering]]
[2019.12.11-19.40.02:159][  0]LogConfig: Setting CVar [[r.DOF.Scatter.ForegroundCompositing:1    ; additive foreground scattering]]
[2019.12.11-19.40.02:159][  0]LogConfig: Setting CVar [[r.DOF.Scatter.BackgroundCompositing:2    ; additive background scattering]]
[2019.12.11-19.40.02:159][  0]LogConfig: Setting CVar [[r.DOF.Scatter.EnableBokehSettings:1      ; bokeh simulation when scattering]]
[2019.12.11-19.40.02:159][  0]LogConfig: Setting CVar [[r.DOF.Scatter.MaxSpriteRatio:0.1         ; only a maximum of 10% of scattered bokeh]]
[2019.12.11-19.40.02:159][  0]LogConfig: Setting CVar [[r.DOF.Recombine.Quality:1                ; cheap slight out of focus]]
[2019.12.11-19.40.02:159][  0]LogConfig: Setting CVar [[r.DOF.Recombine.EnableBokehSettings:0    ; no bokeh simulation on slight out of focus]]
[2019.12.11-19.40.02:159][  0]LogConfig: Setting CVar [[r.DOF.TemporalAAQuality:1                ; more stable temporal accumulation]]
[2019.12.11-19.40.02:159][  0]LogConfig: Setting CVar [[r.DOF.Kernel.MaxForegroundRadius:0.025]]
[2019.12.11-19.40.02:159][  0]LogConfig: Setting CVar [[r.DOF.Kernel.MaxBackgroundRadius:0.025]]
[2019.12.11-19.40.02:159][  0]LogConfig: Applying CVar settings from Section [TextureQuality@3] File [D:/Unreal/repo/01_BuildingEscape/BuildingEscape/Saved/Config/Windows/Scalability.ini]
[2019.12.11-19.40.02:159][  0]LogConfig: Setting CVar [[r.Streaming.MipBias:0]]
[2019.12.11-19.40.02:159][  0]LogConfig: Setting CVar [[r.Streaming.AmortizeCPUToGPUCopy:0]]
[2019.12.11-19.40.02:159][  0]LogConfig: Setting CVar [[r.Streaming.MaxNumTexturesToStreamPerFrame:0]]
[2019.12.11-19.40.02:159][  0]LogConfig: Setting CVar [[r.Streaming.Boost:1]]
[2019.12.11-19.40.02:159][  0]LogConfig: Setting CVar [[r.MaxAnisotropy:8]]
[2019.12.11-19.40.02:159][  0]LogConfig: Setting CVar [[r.Streaming.LimitPoolSizeToVRAM:0]]
[2019.12.11-19.40.02:159][  0]LogConfig: Setting CVar [[r.Streaming.PoolSize:1000]]
[2019.12.11-19.40.02:159][  0]LogConfig: Setting CVar [[r.Streaming.MaxEffectiveScreenSize:0]]
[2019.12.11-19.40.02:159][  0]LogConfig: Applying CVar settings from Section [EffectsQuality@3] File [D:/Unreal/repo/01_BuildingEscape/BuildingEscape/Saved/Config/Windows/Scalability.ini]
[2019.12.11-19.40.02:159][  0]LogConfig: Setting CVar [[r.TranslucencyLightingVolumeDim:64]]
[2019.12.11-19.40.02:159][  0]LogConfig: Setting CVar [[r.RefractionQuality:2]]
[2019.12.11-19.40.02:159][  0]LogConfig: Setting CVar [[r.SSR.Quality:3]]
[2019.12.11-19.40.02:159][  0]LogConfig: Setting CVar [[r.SceneColorFormat:4]]
[2019.12.11-19.40.02:159][  0]LogConfig: Setting CVar [[r.DetailMode:2]]
[2019.12.11-19.40.02:159][  0]LogConfig: Setting CVar [[r.TranslucencyVolumeBlur:1]]
[2019.12.11-19.40.02:159][  0]LogConfig: Setting CVar [[r.MaterialQualityLevel:1 ; High quality]]
[2019.12.11-19.40.02:159][  0]LogConfig: Setting CVar [[r.SSS.Scale:1]]
[2019.12.11-19.40.02:159][  0]LogConfig: Setting CVar [[r.SSS.SampleSet:2]]
[2019.12.11-19.40.02:159][  0]LogConfig: Setting CVar [[r.SSS.Quality:1]]
[2019.12.11-19.40.02:159][  0]LogConfig: Setting CVar [[r.SSS.HalfRes:1]]
[2019.12.11-19.40.02:159][  0]LogConfig: Setting CVar [[r.EmitterSpawnRateScale:1.0]]
[2019.12.11-19.40.02:159][  0]LogConfig: Setting CVar [[r.ParticleLightQuality:2]]
[2019.12.11-19.40.02:159][  0]LogConfig: Applying CVar settings from Section [FoliageQuality@3] File [D:/Unreal/repo/01_BuildingEscape/BuildingEscape/Saved/Config/Windows/Scalability.ini]
[2019.12.11-19.40.02:159][  0]LogConfig: Setting CVar [[foliage.DensityScale:1.0]]
[2019.12.11-19.40.02:159][  0]LogConfig: Setting CVar [[grass.DensityScale:1.0]]
[2019.12.11-19.40.02:159][  0]LogConfig: Applying CVar settings from Section [Startup] File [../../../Engine/Config/ConsoleVariables.ini]
[2019.12.11-19.40.02:160][  0]LogConfig: Setting CVar [[net.UseAdaptiveNetUpdateFrequency:0]]
[2019.12.11-19.40.02:160][  0]LogConfig: Setting CVar [[p.chaos.AllowCreatePhysxBodies:1]]
[2019.12.11-19.40.02:160][  0]LogConfig: Applying CVar settings from Section [ConsoleVariables] File [D:/Unreal/repo/01_BuildingEscape/BuildingEscape/Saved/Config/Windows/Engine.ini]
[2019.12.11-19.40.02:160][  0]LogInit: Computer: DESKTOP-37I9JU6
[2019.12.11-19.40.02:160][  0]LogInit: User: calli
[2019.12.11-19.40.02:160][  0]LogInit: CPU Page size=4096, Cores=16
[2019.12.11-19.40.02:160][  0]LogInit: High frequency timer resolution =10.000000 MHz
[2019.12.11-19.40.02:160][  0]LogMemory: Memory total: Physical=63.9GB (64GB approx)
[2019.12.11-19.40.02:160][  0]LogMemory: Platform Memory Stats for Windows
[2019.12.11-19.40.02:160][  0]LogMemory: Process Physical Memory: 103.66 MB used, 103.66 MB peak
[2019.12.11-19.40.02:160][  0]LogMemory: Process Virtual Memory: 105.30 MB used, 105.30 MB peak
[2019.12.11-19.40.02:160][  0]LogMemory: Physical Memory: 17997.81 MB used,  47419.79 MB free, 65417.60 MB total
[2019.12.11-19.40.02:160][  0]LogMemory: Virtual Memory: 4770.18 MB used,  134212960.00 MB free, 134217728.00 MB total
[2019.12.11-19.40.02:164][  0]LogWindows: WindowsPlatformFeatures enabled
[2019.12.11-19.40.02:196][  0]LogInit: Using OS detected language (en-US).
[2019.12.11-19.40.02:196][  0]LogInit: Using OS detected locale (en-NZ).
[2019.12.11-19.40.02:197][  0]LogTextLocalizationManager: No specific localization for 'en-US' exists, so the 'en' localization will be used.
[2019.12.11-19.40.02:371][  0]LogInit: Setting process to per monitor DPI aware
[2019.12.11-19.40.02:424][  0]LogSlate: New Slate User Created.  User Index 0, Is Virtual User: 0
[2019.12.11-19.40.02:424][  0]LogSlate: Slate User Registered.  User Index 0, Is Virtual User: 0
[2019.12.11-19.40.02:599][  0]LogHMD: Failed to initialize OpenVR with code 110
[2019.12.11-19.40.02:599][  0]LogD3D11RHI: D3D11 adapters:
[2019.12.11-19.40.02:664][  0]LogD3D11RHI:    0. 'NVIDIA GeForce GTX 1070 Ti' (Feature Level 11_0)
[2019.12.11-19.40.02:664][  0]LogD3D11RHI:       8079/0/32708 MB DedicatedVideo/DedicatedSystem/SharedSystem, Outputs:2, VendorId:0x10de
[2019.12.11-19.40.02:667][  0]LogD3D11RHI:    1. 'Microsoft Basic Render Driver' (Feature Level 11_0)
[2019.12.11-19.40.02:667][  0]LogD3D11RHI:       0/0/32708 MB DedicatedVideo/DedicatedSystem/SharedSystem, Outputs:0, VendorId:0x1414
[2019.12.11-19.40.02:669][  0]LogD3D11RHI:    2. 'Microsoft Basic Render Driver' (Feature Level 11_0)
[2019.12.11-19.40.02:669][  0]LogD3D11RHI:       0/0/32708 MB DedicatedVideo/DedicatedSystem/SharedSystem, Outputs:0, VendorId:0x1414
[2019.12.11-19.40.02:669][  0]LogD3D11RHI: Chosen D3D11 Adapter: 0
[2019.12.11-19.40.02:686][  0]LogD3D11RHI: Creating new Direct3DDevice
[2019.12.11-19.40.02:686][  0]LogD3D11RHI:     GPU DeviceId: 0x1b82 (for the marketing name, search the web for "GPU Device Id")
[2019.12.11-19.40.02:686][  0]LogWindows: EnumDisplayDevices:
[2019.12.11-19.40.02:686][  0]LogWindows:    0. 'NVIDIA GeForce GTX 1070 Ti' (P:1 D:1)
[2019.12.11-19.40.02:686][  0]LogWindows:    1. 'NVIDIA GeForce GTX 1070 Ti' (P:0 D:1)
[2019.12.11-19.40.02:687][  0]LogWindows:    2. 'NVIDIA GeForce GTX 1070 Ti' (P:0 D:0)
[2019.12.11-19.40.02:687][  0]LogWindows:    3. 'NVIDIA GeForce GTX 1070 Ti' (P:0 D:0)
[2019.12.11-19.40.02:687][  0]LogWindows:    4. 'Citrix Indirect Display Adapter' (P:0 D:0)
[2019.12.11-19.40.02:687][  0]LogWindows:    5. 'Citrix Indirect Display Adapter' (P:0 D:0)
[2019.12.11-19.40.02:687][  0]LogWindows:    6. 'Citrix Indirect Display Adapter' (P:0 D:0)
[2019.12.11-19.40.02:687][  0]LogWindows:    7. 'Citrix Indirect Display Adapter' (P:0 D:0)
[2019.12.11-19.40.02:688][  0]LogWindows:    8. 'Citrix Indirect Display Adapter' (P:0 D:0)
[2019.12.11-19.40.02:688][  0]LogWindows:    9. 'Citrix Indirect Display Adapter' (P:0 D:0)
[2019.12.11-19.40.02:688][  0]LogWindows:    10. 'Citrix Indirect Display Adapter' (P:0 D:0)
[2019.12.11-19.40.02:688][  0]LogWindows:    11. 'Citrix Indirect Display Adapter' (P:0 D:0)
[2019.12.11-19.40.02:688][  0]LogWindows: DebugString: GetVideoDriverDetailsInvalid PrimaryIsNotTheChoosenAdapter GetVideoDriverDetailsInvalid PrimaryIsNotTheChoosenAdapter GetVideoDriverDetailsInvalid PrimaryIsNotTheChoosenAdapter GetVideoDriverDetailsInvalid PrimaryIsNotTheChoosenAdapter GetVideoDriverDetailsInvalid PrimaryIsNotTheChoosenAdapter GetVideoDriverDetailsInvalid PrimaryIsNotTheChoosenAdapter GetVideoDriverDetailsInvalid PrimaryIsNotTheChoosenAdapter GetVideoDriverDetailsInvalid PrimaryIsNotTheChoosenAdapter FoundDriverCount:4 
[2019.12.11-19.40.02:688][  0]LogD3D11RHI:     Adapter Name: NVIDIA GeForce GTX 1070 Ti
[2019.12.11-19.40.02:688][  0]LogD3D11RHI:   Driver Version: 436.48 (internal:26.21.14.3648, unified:436.48)
[2019.12.11-19.40.02:688][  0]LogD3D11RHI:      Driver Date: 9-26-2019
[2019.12.11-19.40.02:688][  0]LogRHI: Texture pool is 5655 MB (70% of 8079 MB)
[2019.12.11-19.40.02:740][  0]LogD3D11RHI: Async texture creation enabled
[2019.12.11-19.40.02:754][  0]LogD3D11RHI: GPU Timing Frequency: 1000.000000 (Debug: 2 1)
[2019.12.11-19.40.03:119][  0]LogTemp: Display: Module 'AllDesktopTargetPlatform' loaded TargetPlatform 'AllDesktop'
[2019.12.11-19.40.03:130][  0]LogTemp: Display: Module 'MacClientTargetPlatform' loaded TargetPlatform 'MacClient'
[2019.12.11-19.40.03:140][  0]LogTemp: Display: Module 'MacNoEditorTargetPlatform' loaded TargetPlatform 'MacNoEditor'
[2019.12.11-19.40.03:151][  0]LogTemp: Display: Module 'MacServerTargetPlatform' loaded TargetPlatform 'MacServer'
[2019.12.11-19.40.03:162][  0]LogTemp: Display: Module 'MacTargetPlatform' loaded TargetPlatform 'Mac'
[2019.12.11-19.40.03:173][  0]LogTemp: Display: Module 'WindowsClientTargetPlatform' loaded TargetPlatform 'WindowsClient'
[2019.12.11-19.40.03:184][  0]LogTemp: Display: Module 'WindowsNoEditorTargetPlatform' loaded TargetPlatform 'WindowsNoEditor'
[2019.12.11-19.40.03:194][  0]LogTemp: Display: Module 'WindowsServerTargetPlatform' loaded TargetPlatform 'WindowsServer'
[2019.12.11-19.40.03:201][  0]LogTemp: Display: Module 'WindowsTargetPlatform' loaded TargetPlatform 'Windows'
[2019.12.11-19.40.03:240][  0]LogTemp: Display: Module 'AndroidTargetPlatform' loaded TargetPlatform 'Android'
[2019.12.11-19.40.03:240][  0]LogTemp: Display: Module 'AndroidTargetPlatform' loaded TargetPlatform 'Android_ASTC'
[2019.12.11-19.40.03:240][  0]LogTemp: Display: Module 'AndroidTargetPlatform' loaded TargetPlatform 'Android_ATC'
[2019.12.11-19.40.03:240][  0]LogTemp: Display: Module 'AndroidTargetPlatform' loaded TargetPlatform 'Android_DXT'
[2019.12.11-19.40.03:240][  0]LogTemp: Display: Module 'AndroidTargetPlatform' loaded TargetPlatform 'Android_ETC1'
[2019.12.11-19.40.03:240][  0]LogTemp: Display: Module 'AndroidTargetPlatform' loaded TargetPlatform 'Android_ETC1a'
[2019.12.11-19.40.03:240][  0]LogTemp: Display: Module 'AndroidTargetPlatform' loaded TargetPlatform 'Android_ETC2'
[2019.12.11-19.40.03:240][  0]LogTemp: Display: Module 'AndroidTargetPlatform' loaded TargetPlatform 'Android_PVRTC'
[2019.12.11-19.40.03:240][  0]LogTemp: Display: Module 'AndroidTargetPlatform' loaded TargetPlatform 'AndroidClient'
[2019.12.11-19.40.03:240][  0]LogTemp: Display: Module 'AndroidTargetPlatform' loaded TargetPlatform 'Android_ASTCClient'
[2019.12.11-19.40.03:240][  0]LogTemp: Display: Module 'AndroidTargetPlatform' loaded TargetPlatform 'Android_ATCClient'
[2019.12.11-19.40.03:240][  0]LogTemp: Display: Module 'AndroidTargetPlatform' loaded TargetPlatform 'Android_DXTClient'
[2019.12.11-19.40.03:240][  0]LogTemp: Display: Module 'AndroidTargetPlatform' loaded TargetPlatform 'Android_ETC1Client'
[2019.12.11-19.40.03:240][  0]LogTemp: Display: Module 'AndroidTargetPlatform' loaded TargetPlatform 'Android_ETC1aClient'
[2019.12.11-19.40.03:240][  0]LogTemp: Display: Module 'AndroidTargetPlatform' loaded TargetPlatform 'Android_ETC2Client'
[2019.12.11-19.40.03:240][  0]LogTemp: Display: Module 'AndroidTargetPlatform' loaded TargetPlatform 'Android_PVRTCClient'
[2019.12.11-19.40.03:240][  0]LogTemp: Display: Module 'AndroidTargetPlatform' loaded TargetPlatform 'Android_Multi'
[2019.12.11-19.40.03:240][  0]LogTemp: Display: Module 'AndroidTargetPlatform' loaded TargetPlatform 'Android_MultiClient'
[2019.12.11-19.40.03:242][  0]LogTemp: Display: Module 'HTML5TargetPlatform' loaded TargetPlatform 'HTML5'
[2019.12.11-19.40.03:263][  0]LogTemp: Display: Module 'IOSTargetPlatform' loaded TargetPlatform 'IOSClient'
[2019.12.11-19.40.03:263][  0]LogTemp: Display: Module 'IOSTargetPlatform' loaded TargetPlatform 'IOS'
[2019.12.11-19.40.03:278][  0]LogTemp: Display: Module 'TVOSTargetPlatform' loaded TargetPlatform 'TVOSClient'
[2019.12.11-19.40.03:278][  0]LogTemp: Display: Module 'TVOSTargetPlatform' loaded TargetPlatform 'TVOS'
[2019.12.11-19.40.03:286][  0]LogTemp: Display: Module 'LinuxClientTargetPlatform' loaded TargetPlatform 'LinuxClient'
[2019.12.11-19.40.03:293][  0]LogTemp: Display: Module 'LinuxNoEditorTargetPlatform' loaded TargetPlatform 'LinuxNoEditor'
[2019.12.11-19.40.03:300][  0]LogTemp: Display: Module 'LinuxServerTargetPlatform' loaded TargetPlatform 'LinuxServer'
[2019.12.11-19.40.03:308][  0]LogTemp: Display: Module 'LinuxTargetPlatform' loaded TargetPlatform 'Linux'
[2019.12.11-19.40.03:333][  0]LogTemp: Display: Module 'LuminTargetPlatform' loaded TargetPlatform 'Lumin'
[2019.12.11-19.40.03:333][  0]LogTemp: Display: Module 'LuminTargetPlatform' loaded TargetPlatform 'LuminClient'
[2019.12.11-19.40.03:333][  0]LogTargetPlatformManager: Display: Building Assets For Windows
[2019.12.11-19.40.03:344][  0]LogAudioDebug: Display: Lib vorbis DLL was dynamically loaded.
[2019.12.11-19.40.03:404][  0]LogShaderCompilers: Guid format shader working directory is -3 characters bigger than the processId version (D:/Unreal/repo/01_BuildingEscape/BuildingEscape/Intermediate/Shaders/WorkingDirectory/111340/).
[2019.12.11-19.40.03:404][  0]LogShaderCompilers: Cleaned the shader compiler working directory 'C:/Users/calli/AppData/Local/Temp/UnrealShaderWorkingDir/963C76364C7C569F6767EF849CA5EF94/'.
[2019.12.11-19.40.03:407][  0]LogXGEController: Cleaning working directory: C:/Users/calli/AppData/Local/Temp/UnrealXGEWorkingDir/
[2019.12.11-19.40.03:407][  0]LogXGEController: Cannot use XGE Controller as Incredibuild is not installed on this machine.
[2019.12.11-19.40.03:407][  0]LogShaderCompilers: Cannot use XGE Shader Compiler as Incredibuild is not installed on this machine.
[2019.12.11-19.40.03:407][  0]LogShaderCompilers: Display: Using Local Shader Compiler.
[2019.12.11-19.40.04:003][  0]LogDerivedDataCache: Display: Max Cache Size: 512 MB
[2019.12.11-19.40.04:063][  0]LogDerivedDataCache: Loaded boot cache 0.06s 73MB C:/Users/calli/AppData/Local/UnrealEngine/4.23/DerivedDataCache/Boot.ddc.
[2019.12.11-19.40.04:063][  0]LogDerivedDataCache: Display: Loaded Boot cache: C:/Users/calli/AppData/Local/UnrealEngine/4.23/DerivedDataCache/Boot.ddc
[2019.12.11-19.40.04:063][  0]LogDerivedDataCache: FDerivedDataBackendGraph:  Pak pak cache file D:/Unreal/repo/01_BuildingEscape/BuildingEscape/DerivedDataCache/DDC.ddp not found, will not use a pak cache.
[2019.12.11-19.40.04:063][  0]LogDerivedDataCache: Unable to find inner node Pak for hierarchical cache Hierarchy.
[2019.12.11-19.40.04:063][  0]LogDerivedDataCache: FDerivedDataBackendGraph:  CompressedPak pak cache file D:/Unreal/repo/01_BuildingEscape/BuildingEscape/DerivedDataCache/Compressed.ddp not found, will not use a pak cache.
[2019.12.11-19.40.04:063][  0]LogDerivedDataCache: Unable to find inner node CompressedPak for hierarchical cache Hierarchy.
[2019.12.11-19.40.04:077][  0]LogDerivedDataCache: Display: Pak cache opened for reading ../../../Engine/DerivedDataCache/Compressed.ddp.
[2019.12.11-19.40.04:078][  0]LogDerivedDataCache: FDerivedDataBackendGraph:  EnterprisePak pak cache file ../../../Enterprise/DerivedDataCache/Compressed.ddp not found, will not use a pak cache.
[2019.12.11-19.40.04:078][  0]LogDerivedDataCache: Unable to find inner node EnterprisePak for hierarchical cache Hierarchy.
[2019.12.11-19.40.04:079][  0]LogDerivedDataCache: Using Local data cache path C:/Users/calli/AppData/Local/UnrealEngine/Common/DerivedDataCache: Writable
[2019.12.11-19.40.04:079][  0]LogDerivedDataCache: Shared data cache path not found in *engine.ini, will not use an Shared cache.
[2019.12.11-19.40.04:079][  0]LogDerivedDataCache: Unable to find inner node Shared for hierarchical cache Hierarchy.
[2019.12.11-19.40.04:101][  0]LogMaterial: Verifying Global Shaders for PCD3D_SM5
[2019.12.11-19.40.04:104][  0]LogSlate: Using FreeType 2.6.0
[2019.12.11-19.40.04:105][  0]LogSlate: SlateFontServices - WITH_FREETYPE: 1, WITH_HARFBUZZ: 1
[2019.12.11-19.40.04:160][  0]LogAssetRegistry: FAssetRegistry took 0.0026 seconds to start up
[2019.12.11-19.40.04:441][  0]LogInit: Selected Device Profile: [Windows]
[2019.12.11-19.40.04:598][  0]LogMeshReduction: Using QuadricMeshReduction for automatic static mesh reduction
[2019.12.11-19.40.04:598][  0]LogMeshReduction: Using SimplygonMeshReduction for automatic skeletal mesh reduction
[2019.12.11-19.40.04:598][  0]LogMeshReduction: Using ProxyLODMeshReduction for automatic mesh merging
[2019.12.11-19.40.04:598][  0]LogMeshReduction: No distributed automatic mesh merging module available
[2019.12.11-19.40.04:598][  0]LogMeshMerging: No distributed automatic mesh merging module available
[2019.12.11-19.40.04:609][  0]LogNetVersion: BuildingEscape 1.0.0, NetCL: 8386587, EngineNetVer: 11, GameNetVer: 0 (Checksum: 1610626118)
[2019.12.11-19.40.05:031][  0]LogPackageLocalizationCache: Processed 12 localized package path(s) for 1 prioritized culture(s) in 0.056381 seconds
[2019.12.11-19.40.05:039][  0]LogUObjectArray: 43444 objects as part of root set at end of initial load.
[2019.12.11-19.40.05:039][  0]LogUObjectAllocator: 7548648 out of 0 bytes used by permanent object pool.
[2019.12.11-19.40.05:039][  0]LogUObjectArray: CloseDisregardForGC: 0/0 objects in disregard for GC pool
[2019.12.11-19.40.05:911][  0]LogTcpMessaging: Initializing TcpMessaging bridge
[2019.12.11-19.40.05:914][  0]LogUdpMessaging: Initializing bridge on interface 0.0.0.0:0 to multicast group 230.0.0.1:6666.
[2019.12.11-19.40.05:977][  0]SourceControl: Source control is disabled
[2019.12.11-19.40.05:977][  0]SourceControl: Source control is disabled
[2019.12.11-19.40.05:979][  0]SourceControl: Source control is disabled
[2019.12.11-19.40.05:980][  0]SourceControl: Source control is disabled
[2019.12.11-19.40.06:081][  0]LogAndroidPermission: UAndroidPermissionCallbackProxy::GetInstance
[2019.12.11-19.40.06:236][  0]LogOcInput: OculusInput pre-init called
[2019.12.11-19.40.06:243][  0]LogWindows: Failed to load 'OVRPlugin.dll' (GetLastError=126)
[2019.12.11-19.40.06:243][  0]LogWindows: File 'OVRPlugin.dll' does not exist
[2019.12.11-19.40.06:314][  0]LogEngine: Initializing Engine...
[2019.12.11-19.40.06:315][  0]LogHMD: Failed to initialize OpenVR with code 110
[2019.12.11-19.40.06:316][  0]LogStats: UGameplayTagsManager::InitializeManager -  0.000 s
[2019.12.11-19.40.06:532][  0]LogInit: Initializing FReadOnlyCVARCache
[2019.12.11-19.40.06:550][  0]LogAIModule: Creating AISystem for world Untitled
[2019.12.11-19.40.06:577][  0]LogInit: XAudio2 using 'ASUS XG32V (NVIDIA High Definition Audio)' : 2 channels at 48 kHz using 16 bits per sample (channel mask 0x3)
[2019.12.11-19.40.06:601][  0]LogInit: FAudioDevice initialized.
[2019.12.11-19.40.06:601][  0]LogNetVersion: Set ProjectVersion to 1.0.0.0. Version Checksum will be recalculated on next use.
[2019.12.11-19.40.06:668][  0]LogDerivedDataCache: Saved boot cache 0.07s 73MB C:/Users/calli/AppData/Local/UnrealEngine/4.23/DerivedDataCache/Boot.ddc.
[2019.12.11-19.40.06:679][  0]LogInit: Texture streaming: Enabled
[2019.12.11-19.40.06:705][  0]LogEngineSessionManager: EngineSessionManager initialized
[2019.12.11-19.40.06:705][  0]LogEngineSessionManager: EngineSessionManager sent abnormal shutdown report. Type=Crashed, SessionId={84AA0745-402A-C554-25F8-3CB3EDD8F33C}
[2019.12.11-19.40.06:705][  0]LogEditorSessionSummary: Verbose: Initializing EditorSessionSummaryWriter for editor session tracking
[2019.12.11-19.40.06:707][  0]LogEditorSessionSummary: EditorSessionSummaryWriter initialized
[2019.12.11-19.40.06:804][  0]LogInit: Transaction tracking system initialized
[2019.12.11-19.40.06:853][  0]BlueprintLog: New page: Editor Load
[2019.12.11-19.40.06:954][  0]LocalizationService: Localization service is disabled
[2019.12.11-19.40.07:217][  0]LogFileCache: Scanning file cache for directory 'D:/Unreal/repo/01_BuildingEscape/BuildingEscape/Content/' took 0.01s
[2019.12.11-19.40.07:217][  0]LogCook: Display: Max memory allowance for cook 16384mb min free memory 0mb
[2019.12.11-19.40.07:217][  0]LogCook: Display: Mobile HDR setting 1
[2019.12.11-19.40.07:413][  0]SourceControl: Source control is disabled
[2019.12.11-19.40.07:413][  0]Cmd: MAP LOAD FILE="D:/Unreal/repo/01_BuildingEscape/BuildingEscape/Content/NewMap.umap" TEMPLATE=0 SHOWPROGRESS=1 FEATURELEVEL=3
[2019.12.11-19.40.07:414][  0]LightingResults: New page: Lighting Build
[2019.12.11-19.40.07:417][  0]LogWorld: UWorld::CleanupWorld for Untitled, bSessionEnded=true, bCleanupResources=true
[2019.12.11-19.40.07:417][  0]MapCheck: New page: Map Check
[2019.12.11-19.40.07:417][  0]LightingResults: New page: Lighting Build
[2019.12.11-19.40.07:497][  0]LogUObjectHash: Compacting FUObjectHashTables data took   2.07ms
[2019.12.11-19.40.07:564][  0]LogLinker: Warning: While loading 'D:/Unreal/repo/01_BuildingEscape/BuildingEscape/Content/Materials/2x1_Door_and_Frame_Frame.uasset' failed to load '/Game/Materials/Rock_Mat': Can't find file.
[2019.12.11-19.40.07:564][  0]LogLinker: Warning: While loading 'D:/Unreal/repo/01_BuildingEscape/BuildingEscape/Content/Materials/2x1_Door_and_Frame_Frame.uasset' failed to load '/Game/Materials/Rock_Mat': Can't find file.
[2019.12.11-19.40.07:564][  0]LogLinker: Warning: While loading 'D:/Unreal/repo/01_BuildingEscape/BuildingEscape/Content/Materials/2x1_Door_and_Frame_Frame.uasset' failed to load '/Game/Materials/Rock_Mat': Can't find file.
[2019.12.11-19.40.07:564][  0]LogLinker: Warning: While loading 'D:/Unreal/repo/01_BuildingEscape/BuildingEscape/Content/Materials/2x1_Door_and_Frame_Frame.uasset' failed to load '/Game/Materials/Rock_Mat': Can't find file.
[2019.12.11-19.40.07:581][  0]LogLinker: Warning: While loading 'D:/Unreal/repo/01_BuildingEscape/BuildingEscape/Content/Materials/2x1_Door_and_Frame_Frame.uasset' failed to load '/Game/Materials/Rock_Mat': Can't find file.
[2019.12.11-19.40.07:581][  0]LoadErrors: Failed to load /Game/Materials/Rock_Mat.Rock_Mat Referenced by 2x1_Door_and_Frame_Frame
[2019.12.11-19.40.07:581][  0]LogLinker: Warning: While loading 'D:/Unreal/repo/01_BuildingEscape/BuildingEscape/Content/Materials/2x1_Door_and_Frame_Frame.uasset' failed to load '/Game/Materials/Rock_Mat': Can't find file.
[2019.12.11-19.40.07:581][  0]LoadErrors: Failed to load /Game/Materials/Rock_Mat.Rock_Mat Referenced by 2x1_Door_and_Frame_Frame
[2019.12.11-19.40.07:581][  0]LogLinker: Warning: While loading 'D:/Unreal/repo/01_BuildingEscape/BuildingEscape/Content/Materials/2x1_Door_and_Frame_Frame.uasset' failed to load '/Game/Materials/Rock_Mat': Can't find file.
[2019.12.11-19.40.07:581][  0]LoadErrors: Failed to load /Game/Materials/Rock_Mat.Rock_Mat Referenced by 2x1_Door_and_Frame_Frame
[2019.12.11-19.40.07:581][  0]LogLinker: Warning: While loading 'D:/Unreal/repo/01_BuildingEscape/BuildingEscape/Content/Materials/2x1_Door_and_Frame_Frame.uasset' failed to load '/Game/Materials/Rock_Mat': Can't find file.
[2019.12.11-19.40.07:582][  0]LoadErrors: Failed to load /Game/Materials/Rock_Mat.Rock_Mat Referenced by 2x1_Door_and_Frame_Frame
[2019.12.11-19.40.07:648][  0]LogAIModule: Creating AISystem for world NewMap
[2019.12.11-19.40.07:653][  0]LogEditorServer: Finished looking for orphan Actors (0.000 secs)
[2019.12.11-19.40.07:730][  0]LogUObjectHash: Compacting FUObjectHashTables data took   2.56ms
[2019.12.11-19.40.07:730][  0]Cmd: MAP CHECKDEP NOCLEARLOG
[2019.12.11-19.40.07:730][  0]MapCheck: Map check complete: 0 Error(s), 0 Warning(s), took 0.125ms to complete.
[2019.12.11-19.40.07:730][  0]LogFileHelpers: Loading map 'NewMap' took 0.316
[2019.12.11-19.40.07:852][  0]LogSlate: Updating window title bar state: overlay mode, drag disabled, window buttons hidden, title bar hidden
[2019.12.11-19.40.07:859][  0]LogSlate: Updating window title bar state: overlay mode, drag disabled, window buttons hidden, title bar hidden
[2019.12.11-19.40.07:865][  0]LogSlate: Updating window title bar state: overlay mode, drag disabled, window buttons hidden, title bar hidden
[2019.12.11-19.40.07:870][  0]LogSlate: Updating window title bar state: overlay mode, drag disabled, window buttons hidden, title bar hidden
[2019.12.11-19.40.07:878][  0]LogCollectionManager: Loaded 0 collections in 0.002350 seconds
[2019.12.11-19.40.07:885][  0]LogFileCache: Scanning file cache for directory 'D:/Unreal/repo/01_BuildingEscape/BuildingEscape/Saved/Collections/' took 0.00s
[2019.12.11-19.40.07:885][  0]LogFileCache: Scanning file cache for directory 'D:/Unreal/repo/01_BuildingEscape/BuildingEscape/Content/Developers/calli/Collections/' took 0.00s
[2019.12.11-19.40.07:885][  0]LogFileCache: Scanning file cache for directory 'D:/Unreal/repo/01_BuildingEscape/BuildingEscape/Content/Collections/' took 0.00s
[2019.12.11-19.40.07:885][  0]LogCollectionManager: Rebuilt the GUID cache for 0 collections in 0.000001 seconds
[2019.12.11-19.40.07:895][  0]LogContentBrowser: Native class hierarchy populated in 0.0094 seconds. Added 2866 classes and 682 folders.
[2019.12.11-19.40.07:903][  0]LogContentBrowser: Native class hierarchy updated for 'WidgetCarousel' in 0.0004 seconds. Added 0 classes and 0 folders.
[2019.12.11-19.40.07:946][  0]LogContentBrowser: Native class hierarchy updated for 'AddContentDialog' in 0.0004 seconds. Added 0 classes and 0 folders.
[2019.12.11-19.40.07:955][  0]LogContentBrowser: Native class hierarchy updated for 'SceneOutliner' in 0.0006 seconds. Added 1 classes and 2 folders.
[2019.12.11-19.40.07:972][  0]LogSlate: Took 0.000462 seconds to synchronously load lazily loaded font '../../../Engine/Content/Slate/Fonts/Roboto-Regular.ttf' (155K)
[2019.12.11-19.40.07:975][  0]LogSlate: Took 0.000255 seconds to synchronously load lazily loaded font '../../../Engine/Content/Slate/Fonts/Roboto-Bold.ttf' (160K)
[2019.12.11-19.40.07:983][  0]LogSlate: Took 0.000266 seconds to synchronously load lazily loaded font '../../../Engine/Content/Editor/Slate/Fonts/FontAwesome.ttf' (139K)
[2019.12.11-19.40.08:054][  0]LogRenderer: Reallocating scene render targets to support 1616x808 Format 10 NumSamples 1 (Frame:1).
[2019.12.11-19.40.08:155][  0]LogContentBrowser: Native class hierarchy updated for 'HierarchicalLODOutliner' in 0.0005 seconds. Added 0 classes and 0 folders.
[2019.12.11-19.40.08:156][  0]LogLoad: (Engine Initialization) Total time: 7.26 seconds
[2019.12.11-19.40.08:156][  0]LogLoad: (Engine Initialization) Total Blueprint compile time: 0.00 seconds
[2019.12.11-19.40.08:207][  0]LogAssetRegistry: Asset discovery search completed in 4.0485 seconds
[2019.12.11-19.40.08:211][  0]LogCollectionManager: Rebuilt the object cache for 0 collections in 0.000006 seconds (found 0 objects)
[2019.12.11-19.40.08:211][  0]LogCollectionManager: Fixed up redirectors for 0 collections in 0.000058 seconds (updated 0 objects)
[2019.12.11-19.40.08:212][  0]LogContentStreaming: Texture pool size now 1000 MB
[2019.12.11-19.40.08:228][  0]LogSlate: FSceneViewport::OnFocusLost() reason 5
[2019.12.11-19.41.08:161][182]LogEditorSessionSummary: EditorSessionSummary sent report. Type=Crashed, SessionId={279F651E-4AC6-2394-F659-059AEDB90393}
[2019.12.11-19.41.33:630][723]LogSlate: Window 'Message Log' being destroyed
[2019.12.11-19.41.33:636][723]LogSlate: Window 'Message Log' being destroyed
[2019.12.11-19.41.35:161][902]LogSlate: FSceneViewport::OnFocusLost() reason 0
[2019.12.11-19.41.35:163][902]LogSlate: Took 0.000221 seconds to synchronously load lazily loaded font '../../../Engine/Content/Slate/Fonts/DroidSansMono.ttf' (77K)
[2019.12.11-19.41.40:187][475]LogSlate: Took 0.000220 seconds to synchronously load lazily loaded font '../../../Engine/Content/Slate/Fonts/Roboto-Light.ttf' (167K)
[2019.12.11-19.41.40:199][475]Cmd: OBJ SAVEPACKAGE PACKAGE="/Game/NewMap" FILE="D:/Unreal/repo/01_BuildingEscape/BuildingEscape/Content/NewMap.umap" SILENT=true AUTOSAVING=false KEEPDIRTY=false
[2019.12.11-19.41.40:273][475]LogUObjectHash: Compacting FUObjectHashTables data took   0.77ms
[2019.12.11-19.41.40:413][475]LogSavePackage: Moving 'D:/Unreal/repo/01_BuildingEscape/BuildingEscape/Saved/NewMap436933CC42DEE3AABC3CC7B65269B52A.tmp' to 'D:/Unreal/repo/01_BuildingEscape/BuildingEscape/Content/NewMap.umap'
[2019.12.11-19.41.40:442][475]Cmd: OBJ SAVEPACKAGE PACKAGE="/Game/NewMap_BuiltData" FILE="D:/Unreal/repo/01_BuildingEscape/BuildingEscape/Content/NewMap_BuiltData.uasset" SILENT=true
[2019.12.11-19.41.40:489][475]LogSavePackage: Moving 'D:/Unreal/repo/01_BuildingEscape/BuildingEscape/Saved/NewMap_BuiltData745DD3F246DD91E5437E92BD37B86DC2.tmp' to 'D:/Unreal/repo/01_BuildingEscape/BuildingEscape/Content/NewMap_BuiltData.uasset'
[2019.12.11-19.44.08:290][ 99]LogEditorSessionSummary: EditorSessionSummary sent report. Type=Crashed, SessionId={A732A63A-426E-CF8E-1647-2EBF938BC483}
[2019.12.11-19.45.26:833][425]Candidate modules for hot reload:
[2019.12.11-19.45.26:833][425]  BuildingEscape
[2019.12.11-19.45.26:833][425]Launching UnrealBuildTool... [C:/Program Files/Epic Games/UE_4.23/Engine/Binaries/DotNET/UnrealBuildTool.exe  -ModuleWithSuffix=BuildingEscape,1293 Win64 Development -TargetType=Editor -Project="D:/Unreal/repo/01_BuildingEscape/BuildingEscape/BuildingEscape.uproject" "D:/Unreal/repo/01_BuildingEscape/BuildingEscape/BuildingEscape.uproject"  -IgnoreJunk]
[2019.12.11-19.45.26:836][425]Warning: Starting HotReload took  0.0s.
[2019.12.11-19.45.36:736][585]CompilerResultsLog: New page: Compilation - 12/12/2019 9:45:36 pm
[2019.12.11-19.45.36:736][585]CompilerResultsLog: Using 'git status' to determine working set for adaptive non-unity build (D:\Unreal\repo\01_BuildingEscape).
[2019.12.11-19.45.36:736][585]CompilerResultsLog: Parsing headers for BuildingEscapeEditor
[2019.12.11-19.45.36:737][585]CompilerResultsLog:   Running UnrealHeaderTool "D:\Unreal\repo\01_BuildingEscape\BuildingEscape\BuildingEscape.uproject" "D:\Unreal\repo\01_BuildingEscape\BuildingEscape\Intermediate\Build\Win64\BuildingEscapeEditor\Development\BuildingEscapeEditor.uhtmanifest" -LogCmds="loginit warning, logexit warning, logdatabase error" -Unattended -WarningsAsErrors -installed
[2019.12.11-19.45.36:737][585]CompilerResultsLog: Reflection code generated for BuildingEscapeEditor in 6.8024125 seconds
[2019.12.11-19.45.36:737][585]CompilerResultsLog: Using Visual Studio 2019 14.24.28314 toolchain (C:\Program Files (x86)\Microsoft Visual Studio\2019\Community\VC\Tools\MSVC\14.24.28314) and Windows 10.0.18362.0 SDK (C:\Program Files (x86)\Windows Kits\10).
[2019.12.11-19.45.36:737][585]CompilerResultsLog: Building 4 actions with 32 processes...
[2019.12.11-19.45.36:738][585]CompilerResultsLog:   [1/4] OpenDoor.cpp
[2019.12.11-19.45.36:738][585]CompilerResultsLog:   D:\Unreal\repo\01_BuildingEscape\BuildingEscape\Source\BuildingEscape\OpenDoor.cpp(22): warning C4458: declaration of 'Owner' hides class member
[2019.12.11-19.45.36:738][585]CompilerResultsLog:   D:\Unreal\repo\01_BuildingEscape\BuildingEscape\Source\BuildingEscape\OpenDoor.h(45): note: see declaration of 'UOpenDoor::Owner'
[2019.12.11-19.45.36:738][585]CompilerResultsLog:   [2/4] UE4Editor-BuildingEscape-1293.lib
[2019.12.11-19.45.36:738][585]CompilerResultsLog:      Creating library D:\Unreal\repo\01_BuildingEscape\BuildingEscape\Intermediate\Build\Win64\UE4Editor\Development\BuildingEscape\UE4Editor-BuildingEscape-1293.lib and object D:\Unreal\repo\01_BuildingEscape\BuildingEscape\Intermediate\Build\Win64\UE4Editor\Development\BuildingEscape\UE4Editor-BuildingEscape-1293.exp
[2019.12.11-19.45.36:739][585]CompilerResultsLog:   [3/4] UE4Editor-BuildingEscape-1293.dll
[2019.12.11-19.45.36:739][585]CompilerResultsLog:      Creating library D:\Unreal\repo\01_BuildingEscape\BuildingEscape\Intermediate\Build\Win64\UE4Editor\Development\BuildingEscape\UE4Editor-BuildingEscape-1293.suppressed.lib and object D:\Unreal\repo\01_BuildingEscape\BuildingEscape\Intermediate\Build\Win64\UE4Editor\Development\BuildingEscape\UE4Editor-BuildingEscape-1293.suppressed.exp
[2019.12.11-19.45.36:739][585]CompilerResultsLog:   [4/4] BuildingEscapeEditor.target
[2019.12.11-19.45.36:739][585]CompilerResultsLog: Total time in Parallel executor: 1.82 seconds
[2019.12.11-19.45.36:739][585]CompilerResultsLog: Total execution time: 9.79 seconds
[2019.12.11-19.45.36:739][585]LogMainFrame: MainFrame: Module compiling took 9.912 seconds
[2019.12.11-19.45.36:814][585]LogUObjectHash: Compacting FUObjectHashTables data took   2.55ms
[2019.12.11-19.45.36:840][585]LogContentBrowser: Native class hierarchy updated for 'BuildingEscape' in 0.0005 seconds. Added 3 classes and 2 folders.
[2019.12.11-19.45.36:843][585]Display: HotReload successful (0 functions remapped  0 scriptstructs remapped)
[2019.12.11-19.45.36:951][585]LogUObjectHash: Compacting FUObjectHashTables data took   1.44ms
[2019.12.11-19.45.36:967][585]LogContentBrowser: Native class hierarchy populated in 0.0101 seconds. Added 2867 classes and 684 folders.
[2019.12.11-19.45.36:968][585]Display: HotReload took 10.2s.
[2019.12.11-19.45.37:685][671]LogTemp: Repeating last play command: Selected Viewport
[2019.12.11-19.45.37:698][671]LogBlueprintUserMessages: Early PlayInEditor Detection: Level '/Game/NewMap.NewMap:PersistentLevel' has LevelScriptBlueprint '/Game/NewMap.NewMap:PersistentLevel.NewMap' with GeneratedClass '/Game/NewMap.NewMap_C' with ClassGeneratedBy '/Game/NewMap.NewMap:PersistentLevel.NewMap'
[2019.12.11-19.45.37:699][671]LogPlayLevel: PlayLevel: No blueprints needed recompiling
[2019.12.11-19.45.37:699][671]PIE: New page: PIE session: NewMap (12/12/2019 9:45:37 pm)
[2019.12.11-19.45.37:700][671]LogOnline: OSS: Creating online subsystem instance for: NULL
[2019.12.11-19.45.37:701][671]LogPlayLevel: Creating play world package: /Game/UEDPIE_0_NewMap
[2019.12.11-19.45.37:707][671]LogPlayLevel: PIE: StaticDuplicateObject took: (0.005305s)
[2019.12.11-19.45.37:708][671]LogAIModule: Creating AISystem for world NewMap
[2019.12.11-19.45.37:709][671]LogPlayLevel: PIE: World Init took: (0.001440s)
[2019.12.11-19.45.37:709][671]LogPlayLevel: PIE: Created PIE world by copying editor world from /Game/NewMap.NewMap to /Game/UEDPIE_0_NewMap.NewMap (0.007330s)
[2019.12.11-19.45.37:776][671]LogUObjectHash: Compacting FUObjectHashTables data took   1.73ms
[2019.12.11-19.45.37:800][671]LogInit: XAudio2 using 'ASUS XG32V (NVIDIA High Definition Audio)' : 2 channels at 48 kHz using 16 bits per sample (channel mask 0x3)
[2019.12.11-19.45.37:813][671]LogInit: FAudioDevice initialized.
[2019.12.11-19.45.37:822][671]LogUObjectGlobals: Warning: Failed to find object 'Class /Script/BuildingEscape.BuildingEscapeGameMode'
[2019.12.11-19.45.37:822][671]LogLoad: Game class is 'GameModeBase'
[2019.12.11-19.45.37:824][671]LogWorld: Bringing World /Game/UEDPIE_0_NewMap.NewMap up for play (max tick rate 0) at 2019.12.12-08.45.37
[2019.12.11-19.45.37:824][671]LogWorld: Bringing up level for play took: 0.001198
[2019.12.11-19.45.37:825][671]LogOnline: OSS: Creating online subsystem instance for: :Context_3
[2019.12.11-19.45.37:857][671]LogContentBrowser: Native class hierarchy updated for 'MovieSceneCapture' in 0.0005 seconds. Added 20 classes and 0 folders.
[2019.12.11-19.45.37:858][671]LogTemp: Warning: The Position of the 2x1_Door_and_Frame_Door_16 is X=-160.000 Y=200.000 Z=30.000
[2019.12.11-19.45.37:858][671]PIE: Play in editor start time for /Game/UEDPIE_0_NewMap 0.11
[2019.12.11-19.45.37:858][671]LogBlueprintUserMessages: Late PlayInEditor Detection: Level '/Game/NewMap.NewMap:PersistentLevel' has LevelScriptBlueprint '/Game/NewMap.NewMap:PersistentLevel.NewMap' with GeneratedClass '/Game/NewMap.NewMap_C' with ClassGeneratedBy '/Game/NewMap.NewMap:PersistentLevel.NewMap'
[2019.12.11-19.45.48:315][921]LogBlueprintUserMessages: Early EndPlayMap Detection: Level '/Game/NewMap.NewMap:PersistentLevel' has LevelScriptBlueprint '/Game/NewMap.NewMap:PersistentLevel.NewMap' with GeneratedClass '/Game/NewMap.NewMap_C' with ClassGeneratedBy '/Game/NewMap.NewMap:PersistentLevel.NewMap'
[2019.12.11-19.45.48:316][921]LogSlate: Updating window title bar state: overlay mode, drag disabled, window buttons hidden, title bar hidden
[2019.12.11-19.45.48:316][921]LogWorld: BeginTearingDown for /Game/UEDPIE_0_NewMap
[2019.12.11-19.45.48:316][921]LogWorld: UWorld::CleanupWorld for NewMap, bSessionEnded=true, bCleanupResources=true
[2019.12.11-19.45.48:326][921]LogPlayLevel: Display: Shutting down PIE online subsystems
[2019.12.11-19.45.48:326][921]LogBlueprintUserMessages: Late EndPlayMap Detection: Level '/Game/NewMap.NewMap:PersistentLevel' has LevelScriptBlueprint '/Game/NewMap.NewMap:PersistentLevel.NewMap' with GeneratedClass '/Game/NewMap.NewMap_C' with ClassGeneratedBy '/Game/NewMap.NewMap:PersistentLevel.NewMap'
[2019.12.11-19.45.48:401][921]LogSlate: Updating window title bar state: overlay mode, drag disabled, window buttons hidden, title bar hidden
[2019.12.11-19.45.48:405][921]LogUObjectHash: Compacting FUObjectHashTables data took   2.12ms
[2019.12.11-19.45.48:432][922]LogPlayLevel: Display: Destroying online subsystem :Context_3
[2019.12.11-19.46.14:799][119]LogSlate: FSceneViewport::OnFocusLost() reason 0
[2019.12.11-19.46.14:876][127]Candidate modules for hot reload:
[2019.12.11-19.46.14:876][127]  BuildingEscape
[2019.12.11-19.46.14:876][127]Launching UnrealBuildTool... [C:/Program Files/Epic Games/UE_4.23/Engine/Binaries/DotNET/UnrealBuildTool.exe  -ModuleWithSuffix=BuildingEscape,1029 Win64 Development -TargetType=Editor -Project="D:/Unreal/repo/01_BuildingEscape/BuildingEscape/BuildingEscape.uproject" "D:/Unreal/repo/01_BuildingEscape/BuildingEscape/BuildingEscape.uproject"  -IgnoreJunk]
[2019.12.11-19.46.14:879][127]Warning: Starting HotReload took  0.0s.
[2019.12.11-19.46.24:063][218]CompilerResultsLog: New page: Compilation - 12/12/2019 9:46:24 pm
[2019.12.11-19.46.24:063][218]CompilerResultsLog: Using 'git status' to determine working set for adaptive non-unity build (D:\Unreal\repo\01_BuildingEscape).
[2019.12.11-19.46.24:063][218]CompilerResultsLog: Parsing headers for BuildingEscapeEditor
[2019.12.11-19.46.24:063][218]CompilerResultsLog:   Running UnrealHeaderTool "D:\Unreal\repo\01_BuildingEscape\BuildingEscape\BuildingEscape.uproject" "D:\Unreal\repo\01_BuildingEscape\BuildingEscape\Intermediate\Build\Win64\BuildingEscapeEditor\Development\BuildingEscapeEditor.uhtmanifest" -LogCmds="loginit warning, logexit warning, logdatabase error" -Unattended -WarningsAsErrors -installed
[2019.12.11-19.46.24:064][218]CompilerResultsLog: Reflection code generated for BuildingEscapeEditor in 6.1276674 seconds
[2019.12.11-19.46.24:064][218]CompilerResultsLog: Using Visual Studio 2019 14.24.28314 toolchain (C:\Program Files (x86)\Microsoft Visual Studio\2019\Community\VC\Tools\MSVC\14.24.28314) and Windows 10.0.18362.0 SDK (C:\Program Files (x86)\Windows Kits\10).
[2019.12.11-19.46.24:064][218]CompilerResultsLog: Building 4 actions with 32 processes...
[2019.12.11-19.46.24:064][218]CompilerResultsLog:   [1/4] OpenDoor.cpp
[2019.12.11-19.46.24:064][218]CompilerResultsLog:   D:\Unreal\repo\01_BuildingEscape\BuildingEscape\Source\BuildingEscape\OpenDoor.cpp(22): warning C4458: declaration of 'Owner' hides class member
[2019.12.11-19.46.24:065][218]CompilerResultsLog:   D:\Unreal\repo\01_BuildingEscape\BuildingEscape\Source\BuildingEscape\OpenDoor.h(45): note: see declaration of 'UOpenDoor::Owner'
[2019.12.11-19.46.24:065][218]CompilerResultsLog:   [2/4] UE4Editor-BuildingEscape-1029.lib
[2019.12.11-19.46.24:065][218]CompilerResultsLog:      Creating library D:\Unreal\repo\01_BuildingEscape\BuildingEscape\Intermediate\Build\Win64\UE4Editor\Development\BuildingEscape\UE4Editor-BuildingEscape-1029.lib and object D:\Unreal\repo\01_BuildingEscape\BuildingEscape\Intermediate\Build\Win64\UE4Editor\Development\BuildingEscape\UE4Editor-BuildingEscape-1029.exp
[2019.12.11-19.46.24:065][218]CompilerResultsLog:   [3/4] UE4Editor-BuildingEscape-1029.dll
[2019.12.11-19.46.24:065][218]CompilerResultsLog:      Creating library D:\Unreal\repo\01_BuildingEscape\BuildingEscape\Intermediate\Build\Win64\UE4Editor\Development\BuildingEscape\UE4Editor-BuildingEscape-1029.suppressed.lib and object D:\Unreal\repo\01_BuildingEscape\BuildingEscape\Intermediate\Build\Win64\UE4Editor\Development\BuildingEscape\UE4Editor-BuildingEscape-1029.suppressed.exp
[2019.12.11-19.46.24:066][218]CompilerResultsLog:   [4/4] BuildingEscapeEditor.target
[2019.12.11-19.46.24:066][218]CompilerResultsLog: Total time in Parallel executor: 1.62 seconds
[2019.12.11-19.46.24:066][218]CompilerResultsLog: Total execution time: 8.88 seconds
[2019.12.11-19.46.24:066][218]LogMainFrame: MainFrame: Module compiling took 9.195 seconds
[2019.12.11-19.46.24:135][218]LogUObjectHash: Compacting FUObjectHashTables data took   0.90ms
[2019.12.11-19.46.24:160][218]LogContentBrowser: Native class hierarchy updated for 'BuildingEscape' in 0.0007 seconds. Added 3 classes and 2 folders.
[2019.12.11-19.46.24:164][218]Display: HotReload successful (0 functions remapped  0 scriptstructs remapped)
[2019.12.11-19.46.24:276][218]LogUObjectHash: Compacting FUObjectHashTables data took   1.29ms
[2019.12.11-19.46.24:290][218]LogContentBrowser: Native class hierarchy populated in 0.0102 seconds. Added 2867 classes and 684 folders.
[2019.12.11-19.46.24:290][218]Display: HotReload took  9.4s.
[2019.12.11-19.46.25:009][304]LogTemp: Repeating last play command: Selected Viewport
[2019.12.11-19.46.25:023][304]LogBlueprintUserMessages: Early PlayInEditor Detection: Level '/Game/NewMap.NewMap:PersistentLevel' has LevelScriptBlueprint '/Game/NewMap.NewMap:PersistentLevel.NewMap' with GeneratedClass '/Game/NewMap.NewMap_C' with ClassGeneratedBy '/Game/NewMap.NewMap:PersistentLevel.NewMap'
[2019.12.11-19.46.25:023][304]LogPlayLevel: PlayLevel: No blueprints needed recompiling
[2019.12.11-19.46.25:023][304]PIE: New page: PIE session: NewMap (12/12/2019 9:46:25 pm)
[2019.12.11-19.46.25:023][304]LogPlayLevel: Creating play world package: /Game/UEDPIE_0_NewMap
[2019.12.11-19.46.25:029][304]LogPlayLevel: PIE: StaticDuplicateObject took: (0.005091s)
[2019.12.11-19.46.25:030][304]LogAIModule: Creating AISystem for world NewMap
[2019.12.11-19.46.25:030][304]LogPlayLevel: PIE: World Init took: (0.001233s)
[2019.12.11-19.46.25:030][304]LogPlayLevel: PIE: Created PIE world by copying editor world from /Game/NewMap.NewMap to /Game/UEDPIE_0_NewMap.NewMap (0.006756s)
[2019.12.11-19.46.25:098][304]LogUObjectHash: Compacting FUObjectHashTables data took   1.73ms
[2019.12.11-19.46.25:121][304]LogInit: XAudio2 using 'ASUS XG32V (NVIDIA High Definition Audio)' : 2 channels at 48 kHz using 16 bits per sample (channel mask 0x3)
[2019.12.11-19.46.25:133][304]LogInit: FAudioDevice initialized.
[2019.12.11-19.46.25:146][304]LogLoad: Game class is 'GameModeBase'
[2019.12.11-19.46.25:147][304]LogWorld: Bringing World /Game/UEDPIE_0_NewMap.NewMap up for play (max tick rate 0) at 2019.12.12-08.46.25
[2019.12.11-19.46.25:148][304]LogWorld: Bringing up level for play took: 0.001024
[2019.12.11-19.46.25:148][304]LogOnline: OSS: Creating online subsystem instance for: :Context_4
[2019.12.11-19.46.25:150][304]LogTemp: Warning: The Position of the 2x1_Door_and_Frame_Door_16 is X=-160.000 Y=200.000 Z=30.000
[2019.12.11-19.46.25:150][304]PIE: Play in editor start time for /Game/UEDPIE_0_NewMap -0.598
[2019.12.11-19.46.25:151][304]LogBlueprintUserMessages: Late PlayInEditor Detection: Level '/Game/NewMap.NewMap:PersistentLevel' has LevelScriptBlueprint '/Game/NewMap.NewMap:PersistentLevel.NewMap' with GeneratedClass '/Game/NewMap.NewMap_C' with ClassGeneratedBy '/Game/NewMap.NewMap:PersistentLevel.NewMap'
[2019.12.11-19.46.28:295][514]LogWindows: Error: === Critical error: ===
[2019.12.11-19.46.28:295][514]LogWindows: Error: 
[2019.12.11-19.46.28:295][514]LogWindows: Error: Fatal error!
[2019.12.11-19.46.28:295][514]LogWindows: Error: 
[2019.12.11-19.46.28:295][514]LogWindows: Error: Unhandled Exception: EXCEPTION_ACCESS_VIOLATION reading address 0x00000170
[2019.12.11-19.46.28:295][514]LogWindows: Error: 
[2019.12.11-19.46.28:295][514]LogWindows: Error: [Callstack] 0x00007ff940ec9d84 UE4Editor-Engine.dll!UnknownFunction []
[2019.12.11-19.46.28:295][514]LogWindows: Error: [Callstack] 0x00007ff97dbc246a UE4Editor-BuildingEscape-1029.dll!UOpenDoor::TickComponent() [D:\Unreal\repo\01_BuildingEscape\BuildingEscape\Source\BuildingEscape\OpenDoor.cpp:33]
[2019.12.11-19.46.28:295][514]LogWindows: Error: [Callstack] 0x00007ff9412164c0 UE4Editor-Engine.dll!UnknownFunction []
[2019.12.11-19.46.28:295][514]LogWindows: Error: [Callstack] 0x00007ff941244bd4 UE4Editor-Engine.dll!UnknownFunction []
[2019.12.11-19.46.28:295][514]LogWindows: Error: [Callstack] 0x00007ff941f364d3 UE4Editor-Engine.dll!UnknownFunction []
[2019.12.11-19.46.28:295][514]LogWindows: Error: [Callstack] 0x00007ff941f43757 UE4Editor-Engine.dll!UnknownFunction []
[2019.12.11-19.46.28:295][514]LogWindows: Error: [Callstack] 0x00007ff944144e4a UE4Editor-Core.dll!UnknownFunction []
[2019.12.11-19.46.28:295][514]LogWindows: Error: [Callstack] 0x00007ff94414510a UE4Editor-Core.dll!UnknownFunction []
[2019.12.11-19.46.28:295][514]LogWindows: Error: [Callstack] 0x00007ff941f6294d UE4Editor-Engine.dll!UnknownFunction []
[2019.12.11-19.46.28:295][514]LogWindows: Error: [Callstack] 0x00007ff941f68a82 UE4Editor-Engine.dll!UnknownFunction []
[2019.12.11-19.46.28:295][514]LogWindows: Error: [Callstack] 0x00007ff94175d6ef UE4Editor-Engine.dll!UnknownFunction []
[2019.12.11-19.46.28:295][514]LogWindows: Error: [Callstack] 0x00007ff941768f7e UE4Editor-Engine.dll!UnknownFunction []
[2019.12.11-19.46.28:295][514]LogWindows: Error: [Callstack] 0x00007ff91dfde00b UE4Editor-UnrealEd.dll!UnknownFunction []
[2019.12.11-19.46.28:295][514]LogWindows: Error: [Callstack] 0x00007ff91e835296 UE4Editor-UnrealEd.dll!UnknownFunction []
[2019.12.11-19.46.28:295][514]LogWindows: Error: [Callstack] 0x00007ff69ac67b0a UE4Editor.exe!UnknownFunction []
[2019.12.11-19.46.28:295][514]LogWindows: Error: [Callstack] 0x00007ff69ac7a91c UE4Editor.exe!UnknownFunction []
[2019.12.11-19.46.28:296][514]LogWindows: Error: [Callstack] 0x00007ff69ac7a9fa UE4Editor.exe!UnknownFunction []
[2019.12.11-19.46.28:296][514]LogWindows: Error: [Callstack] 0x00007ff69ac8b92c UE4Editor.exe!UnknownFunction []
[2019.12.11-19.46.28:296][514]LogWindows: Error: [Callstack] 0x00007ff69ac8e60e UE4Editor.exe!UnknownFunction []
[2019.12.11-19.46.28:296][514]LogWindows: Error: [Callstack] 0x00007ff996f67974 KERNEL32.DLL!UnknownFunction []
[2019.12.11-19.46.28:296][514]LogWindows: Error: [Callstack] 0x00007ff99984a271 ntdll.dll!UnknownFunction []
[2019.12.11-19.46.28:296][514]LogWindows: Error: 
[2019.12.11-19.46.28:344][514]LogExit: Executing StaticShutdownAfterError
[2019.12.11-19.46.28:348][514]LogWindows: FPlatformMisc::RequestExit(1)
[2019.12.11-19.46.28:368][514]Log file closed, 12/12/19 08:46:28
